This is pdfTeX, Version 3.1415926-2.3-1.40.12 (MiKTeX 2.9) (preloaded format=pdflatex 2017.5.8)  16 NOV 2020 17:10
entering extended mode
**course.tex
(D:\exam\ppt\course.tex
LaTeX2e <2011/06/27>
Babel <v3.8m> and hyphenation patterns for loaded.
("D:\Program Files (x86)\CTEX\UserData\tex\latex\beamer\beamer.cls"
Document Class: beamer 2017/01/23 v3.41 A class for typesetting presentations
("D:\Program Files (x86)\CTEX\MiKTeX\tex\latex\etoolbox\etoolbox.sty"
Package: etoolbox 2011/01/03 v2.1 e-TeX tools for LaTeX

("D:\Program Files (x86)\CTEX\MiKTeX\tex\latex\misc\etex.sty"
Package: etex 1998/03/26 v2.0 eTeX basic definition package (PEB)
\et@xins=\count79
)
\etb@tempcnta=\count80
)
("D:\Program Files (x86)\CTEX\UserData\tex\latex\beamer\beamerbasemodes.sty"
\beamer@tempbox=\box26
\beamer@tempcount=\count81
\c@beamerpauses=\count82

("D:\Program Files (x86)\CTEX\UserData\tex\latex\beamer\beamerbasedecode.sty"
\beamer@slideinframe=\count83
\beamer@minimum=\count84
)
\beamer@commentbox=\box27
\beamer@modecount=\count85
) ("D:\Program Files (x86)\CTEX\MiKTeX\tex\generic\oberdiek\ifpdf.sty"
Package: ifpdf 2011/01/30 v2.3 Provides the ifpdf switch (HO)
Package ifpdf Info: pdfTeX in PDF mode is detected.
)
\headheight=\dimen102
\headdp=\dimen103
\footheight=\dimen104
\sidebarheight=\dimen105
\beamer@tempdim=\dimen106
\beamer@finalheight=\dimen107
\beamer@animht=\dimen108
\beamer@animdp=\dimen109
\beamer@animwd=\dimen110
\beamer@leftmargin=\dimen111
\beamer@rightmargin=\dimen112
\beamer@leftsidebar=\dimen113
\beamer@rightsidebar=\dimen114
\beamer@boxsize=\dimen115
\beamer@vboxoffset=\dimen116
\beamer@descdefault=\dimen117
\beamer@descriptionwidth=\dimen118
\beamer@lastskip=\skip41
\beamer@areabox=\box28
\beamer@animcurrent=\box29
\beamer@animshowbox=\box30
\beamer@sectionbox=\box31
\beamer@logobox=\box32
\beamer@linebox=\box33
\beamer@sectioncount=\count86
\beamer@subsubsectionmax=\count87
\beamer@subsectionmax=\count88
\beamer@sectionmax=\count89
\beamer@totalheads=\count90
\beamer@headcounter=\count91
\beamer@partstartpage=\count92
\beamer@sectionstartpage=\count93
\beamer@subsectionstartpage=\count94
\beamer@animationtempa=\count95
\beamer@animationtempb=\count96
\beamer@xpos=\count97
\beamer@ypos=\count98
\beamer@showpartnumber=\count99
\beamer@currentsubsection=\count100
\beamer@coveringdepth=\count101
\beamer@sectionadjust=\count102
\beamer@tocsectionnumber=\count103

("D:\Program Files (x86)\CTEX\UserData\tex\latex\beamer\beamerbaseoptions.sty"
("D:\Program Files (x86)\CTEX\MiKTeX\tex\latex\graphics\keyval.sty"
Package: keyval 1999/03/16 v1.13 key=value parser (DPC)
\KV@toks@=\toks14
))
\beamer@paperwidth=\skip42
\beamer@paperheight=\skip43

("D:\Program Files (x86)\CTEX\MiKTeX\tex\latex\geometry\geometry.sty"
Package: geometry 2010/09/12 v5.6 Page Geometry

("D:\Program Files (x86)\CTEX\MiKTeX\tex\generic\oberdiek\ifvtex.sty"
Package: ifvtex 2010/03/01 v1.5 Switches for detecting VTeX and its modes (HO)
Package ifvtex Info: VTeX not detected.
)
("D:\Program Files (x86)\CTEX\MiKTeX\tex\generic\ifxetex\ifxetex.sty"
Package: ifxetex 2010/09/12 v0.6 Provides ifxetex conditional
)
\Gm@cnth=\count104
\Gm@cntv=\count105
\c@Gm@tempcnt=\count106
\Gm@bindingoffset=\dimen119
\Gm@wd@mp=\dimen120
\Gm@odd@mp=\dimen121
\Gm@even@mp=\dimen122
\Gm@layoutwidth=\dimen123
\Gm@layoutheight=\dimen124
\Gm@layouthoffset=\dimen125
\Gm@layoutvoffset=\dimen126
\Gm@dimlist=\toks15

("D:\Program Files (x86)\CTEX\MiKTeX\tex\latex\geometry\geometry.cfg"))
("D:\Program Files (x86)\CTEX\MiKTeX\tex\latex\base\size11.clo"
File: size11.clo 2007/10/19 v1.4h Standard LaTeX file (size option)
)
("D:\Program Files (x86)\CTEX\UserData\tex\latex\pgf\basiclayer\pgfcore.sty"
("D:\Program Files (x86)\CTEX\MiKTeX\tex\latex\graphics\graphicx.sty"
Package: graphicx 1999/02/16 v1.0f Enhanced LaTeX Graphics (DPC,SPQR)

("D:\Program Files (x86)\CTEX\MiKTeX\tex\latex\graphics\graphics.sty"
Package: graphics 2009/02/05 v1.0o Standard LaTeX Graphics (DPC,SPQR)

("D:\Program Files (x86)\CTEX\MiKTeX\tex\latex\graphics\trig.sty"
Package: trig 1999/03/16 v1.09 sin cos tan (DPC)
)
("D:\Program Files (x86)\CTEX\MiKTeX\tex\latex\00miktex\graphics.cfg"
File: graphics.cfg 2007/01/18 v1.5 graphics configuration of teTeX/TeXLive
)
Package graphics Info: Driver file: pdftex.def on input line 91.

("D:\Program Files (x86)\CTEX\MiKTeX\tex\latex\pdftex-def\pdftex.def"
File: pdftex.def 2011/05/27 v0.06d Graphics/color for pdfTeX

("D:\Program Files (x86)\CTEX\MiKTeX\tex\generic\oberdiek\infwarerr.sty"
Package: infwarerr 2010/04/08 v1.3 Providing info/warning/message (HO)
)
("D:\Program Files (x86)\CTEX\MiKTeX\tex\generic\oberdiek\ltxcmds.sty"
Package: ltxcmds 2011/04/18 v1.20 LaTeX kernel commands for general use (HO)
)
\Gread@gobject=\count107
))
\Gin@req@height=\dimen127
\Gin@req@width=\dimen128
)
("D:\Program Files (x86)\CTEX\UserData\tex\latex\pgf\systemlayer\pgfsys.sty"
("D:\Program Files (x86)\CTEX\UserData\tex\latex\pgf\utilities\pgfrcs.sty"
("D:\Program Files (x86)\CTEX\UserData\tex\generic\pgf\utilities\pgfutil-common
.tex"
\pgfutil@everybye=\toks16
\pgfutil@tempdima=\dimen129
\pgfutil@tempdimb=\dimen130

("D:\Program Files (x86)\CTEX\UserData\tex\generic\pgf\utilities\pgfutil-common
-lists.tex"))
("D:\Program Files (x86)\CTEX\UserData\tex\generic\pgf\utilities\pgfutil-latex.
def"
\pgfutil@abb=\box34
 ("D:\Program Files (x86)\CTEX\UserData\tex\latex\ms\everyshi.sty"
Package: everyshi 2001/05/15 v3.00 EveryShipout Package (MS)
))
("D:\Program Files (x86)\CTEX\UserData\tex\generic\pgf\utilities\pgfrcs.code.te
x"
Package: pgfrcs 2015/08/07 v3.0.1a (rcs-revision 1.31)
))
("D:\Program Files (x86)\CTEX\UserData\tex\generic\pgf\systemlayer\pgfsys.code.
tex"
Package: pgfsys 2014/07/09 v3.0.1a (rcs-revision 1.48)

("D:\Program Files (x86)\CTEX\UserData\tex\generic\pgf\utilities\pgfkeys.code.t
ex"
\pgfkeys@pathtoks=\toks17
\pgfkeys@temptoks=\toks18

("D:\Program Files (x86)\CTEX\UserData\tex\generic\pgf\utilities\pgfkeysfiltere
d.code.tex"
\pgfkeys@tmptoks=\toks19
))
\pgf@x=\dimen131
\pgf@y=\dimen132
\pgf@xa=\dimen133
\pgf@ya=\dimen134
\pgf@xb=\dimen135
\pgf@yb=\dimen136
\pgf@xc=\dimen137
\pgf@yc=\dimen138
\w@pgf@writea=\write3
\r@pgf@reada=\read1
\c@pgf@counta=\count108
\c@pgf@countb=\count109
\c@pgf@countc=\count110
\c@pgf@countd=\count111
\t@pgf@toka=\toks20
\t@pgf@tokb=\toks21
\t@pgf@tokc=\toks22

("D:\Program Files (x86)\CTEX\UserData\tex\generic\pgf\systemlayer\pgf.cfg"
File: pgf.cfg 2008/05/14  (rcs-revision 1.7)
)
Driver file for pgf: pgfsys-pdftex.def

("D:\Program Files (x86)\CTEX\UserData\tex\generic\pgf\systemlayer\pgfsys-pdfte
x.def"
File: pgfsys-pdftex.def 2014/10/11  (rcs-revision 1.35)

("D:\Program Files (x86)\CTEX\UserData\tex\generic\pgf\systemlayer\pgfsys-commo
n-pdf.def"
File: pgfsys-common-pdf.def 2013/10/10  (rcs-revision 1.13)
)))
("D:\Program Files (x86)\CTEX\UserData\tex\generic\pgf\systemlayer\pgfsyssoftpa
th.code.tex"
File: pgfsyssoftpath.code.tex 2013/09/09  (rcs-revision 1.9)
\pgfsyssoftpath@smallbuffer@items=\count112
\pgfsyssoftpath@bigbuffer@items=\count113
)
("D:\Program Files (x86)\CTEX\UserData\tex\generic\pgf\systemlayer\pgfsysprotoc
ol.code.tex"
File: pgfsysprotocol.code.tex 2006/10/16  (rcs-revision 1.4)
))
("D:\Program Files (x86)\CTEX\UserData\tex\latex\xcolor\xcolor.sty"
Package: xcolor 2016/05/11 v2.12 LaTeX color extensions (UK)

("D:\Program Files (x86)\CTEX\MiKTeX\tex\latex\00miktex\color.cfg"
File: color.cfg 2007/01/18 v1.5 color configuration of teTeX/TeXLive
)
Package xcolor Info: Driver file: pdftex.def on input line 225.
Package xcolor Info: Model `cmy' substituted by `cmy0' on input line 1348.
Package xcolor Info: Model `hsb' substituted by `rgb' on input line 1352.
Package xcolor Info: Model `RGB' extended on input line 1364.
Package xcolor Info: Model `HTML' substituted by `rgb' on input line 1366.
Package xcolor Info: Model `Hsb' substituted by `hsb' on input line 1367.
Package xcolor Info: Model `tHsb' substituted by `hsb' on input line 1368.
Package xcolor Info: Model `HSB' substituted by `hsb' on input line 1369.
Package xcolor Info: Model `Gray' substituted by `gray' on input line 1370.
Package xcolor Info: Model `wave' substituted by `hsb' on input line 1371.
)
("D:\Program Files (x86)\CTEX\UserData\tex\generic\pgf\basiclayer\pgfcore.code.
tex"
Package: pgfcore 2010/04/11 v3.0.1a (rcs-revision 1.7)

("D:\Program Files (x86)\CTEX\UserData\tex\generic\pgf\math\pgfmath.code.tex"
("D:\Program Files (x86)\CTEX\UserData\tex\generic\pgf\math\pgfmathcalc.code.te
x"
("D:\Program Files (x86)\CTEX\UserData\tex\generic\pgf\math\pgfmathutil.code.te
x")
("D:\Program Files (x86)\CTEX\UserData\tex\generic\pgf\math\pgfmathparser.code.
tex"
\pgfmath@dimen=\dimen139
\pgfmath@count=\count114
\pgfmath@box=\box35
\pgfmath@toks=\toks23
\pgfmath@stack@operand=\toks24
\pgfmath@stack@operation=\toks25
)
("D:\Program Files (x86)\CTEX\UserData\tex\generic\pgf\math\pgfmathfunctions.co
de.tex"
("D:\Program Files (x86)\CTEX\UserData\tex\generic\pgf\math\pgfmathfunctions.ba
sic.code.tex")
("D:\Program Files (x86)\CTEX\UserData\tex\generic\pgf\math\pgfmathfunctions.tr
igonometric.code.tex")
("D:\Program Files (x86)\CTEX\UserData\tex\generic\pgf\math\pgfmathfunctions.ra
ndom.code.tex")
("D:\Program Files (x86)\CTEX\UserData\tex\generic\pgf\math\pgfmathfunctions.co
mparison.code.tex")
("D:\Program Files (x86)\CTEX\UserData\tex\generic\pgf\math\pgfmathfunctions.ba
se.code.tex")
("D:\Program Files (x86)\CTEX\UserData\tex\generic\pgf\math\pgfmathfunctions.ro
und.code.tex")
("D:\Program Files (x86)\CTEX\UserData\tex\generic\pgf\math\pgfmathfunctions.mi
sc.code.tex")
("D:\Program Files (x86)\CTEX\UserData\tex\generic\pgf\math\pgfmathfunctions.in
tegerarithmetics.code.tex")))
("D:\Program Files (x86)\CTEX\UserData\tex\generic\pgf\math\pgfmathfloat.code.t
ex"
\c@pgfmathroundto@lastzeros=\count115
))
("D:\Program Files (x86)\CTEX\UserData\tex\generic\pgf\basiclayer\pgfcorepoints
.code.tex"
File: pgfcorepoints.code.tex 2013/10/07  (rcs-revision 1.27)
\pgf@picminx=\dimen140
\pgf@picmaxx=\dimen141
\pgf@picminy=\dimen142
\pgf@picmaxy=\dimen143
\pgf@pathminx=\dimen144
\pgf@pathmaxx=\dimen145
\pgf@pathminy=\dimen146
\pgf@pathmaxy=\dimen147
\pgf@xx=\dimen148
\pgf@xy=\dimen149
\pgf@yx=\dimen150
\pgf@yy=\dimen151
\pgf@zx=\dimen152
\pgf@zy=\dimen153
)
("D:\Program Files (x86)\CTEX\UserData\tex\generic\pgf\basiclayer\pgfcorepathco
nstruct.code.tex"
File: pgfcorepathconstruct.code.tex 2013/10/07  (rcs-revision 1.29)
\pgf@path@lastx=\dimen154
\pgf@path@lasty=\dimen155
)
("D:\Program Files (x86)\CTEX\UserData\tex\generic\pgf\basiclayer\pgfcorepathus
age.code.tex"
File: pgfcorepathusage.code.tex 2014/11/02  (rcs-revision 1.24)
\pgf@shorten@end@additional=\dimen156
\pgf@shorten@start@additional=\dimen157
)
("D:\Program Files (x86)\CTEX\UserData\tex\generic\pgf\basiclayer\pgfcorescopes
.code.tex"
File: pgfcorescopes.code.tex 2015/05/08  (rcs-revision 1.46)
\pgfpic=\box36
\pgf@hbox=\box37
\pgf@layerbox@main=\box38
\pgf@picture@serial@count=\count116
)
("D:\Program Files (x86)\CTEX\UserData\tex\generic\pgf\basiclayer\pgfcoregraphi
cstate.code.tex"
File: pgfcoregraphicstate.code.tex 2014/11/02  (rcs-revision 1.12)
\pgflinewidth=\dimen158
)
("D:\Program Files (x86)\CTEX\UserData\tex\generic\pgf\basiclayer\pgfcoretransf
ormations.code.tex"
File: pgfcoretransformations.code.tex 2015/08/07  (rcs-revision 1.20)
\pgf@pt@x=\dimen159
\pgf@pt@y=\dimen160
\pgf@pt@temp=\dimen161
)
("D:\Program Files (x86)\CTEX\UserData\tex\generic\pgf\basiclayer\pgfcorequick.
code.tex"
File: pgfcorequick.code.tex 2008/10/09  (rcs-revision 1.3)
)
("D:\Program Files (x86)\CTEX\UserData\tex\generic\pgf\basiclayer\pgfcoreobject
s.code.tex"
File: pgfcoreobjects.code.tex 2006/10/11  (rcs-revision 1.2)
)
("D:\Program Files (x86)\CTEX\UserData\tex\generic\pgf\basiclayer\pgfcorepathpr
ocessing.code.tex"
File: pgfcorepathprocessing.code.tex 2013/09/09  (rcs-revision 1.9)
)
("D:\Program Files (x86)\CTEX\UserData\tex\generic\pgf\basiclayer\pgfcorearrows
.code.tex"
File: pgfcorearrows.code.tex 2015/05/14  (rcs-revision 1.43)
\pgfarrowsep=\dimen162
)
("D:\Program Files (x86)\CTEX\UserData\tex\generic\pgf\basiclayer\pgfcoreshade.
code.tex"
File: pgfcoreshade.code.tex 2013/07/15  (rcs-revision 1.15)
\pgf@max=\dimen163
\pgf@sys@shading@range@num=\count117
)
("D:\Program Files (x86)\CTEX\UserData\tex\generic\pgf\basiclayer\pgfcoreimage.
code.tex"
File: pgfcoreimage.code.tex 2013/07/15  (rcs-revision 1.18)

("D:\Program Files (x86)\CTEX\UserData\tex\generic\pgf\basiclayer\pgfcoreextern
al.code.tex"
File: pgfcoreexternal.code.tex 2014/07/09  (rcs-revision 1.21)
\pgfexternal@startupbox=\box39
))
("D:\Program Files (x86)\CTEX\UserData\tex\generic\pgf\basiclayer\pgfcorelayers
.code.tex"
File: pgfcorelayers.code.tex 2013/07/18  (rcs-revision 1.7)
)
("D:\Program Files (x86)\CTEX\UserData\tex\generic\pgf\basiclayer\pgfcoretransp
arency.code.tex"
File: pgfcoretransparency.code.tex 2013/09/30  (rcs-revision 1.5)
)
("D:\Program Files (x86)\CTEX\UserData\tex\generic\pgf\basiclayer\pgfcorepatter
ns.code.tex"
File: pgfcorepatterns.code.tex 2013/11/07  (rcs-revision 1.5)
)))
("D:\Program Files (x86)\CTEX\UserData\tex\latex\pgf\utilities\xxcolor.sty"
Package: xxcolor 2003/10/24 ver 0.1
\XC@nummixins=\count118
\XC@countmixins=\count119
)
("D:\Program Files (x86)\CTEX\MiKTeX\tex\generic\oberdiek\atbegshi.sty"
Package: atbegshi 2011/01/30 v1.15 At begin shipout hook (HO)
)
("D:\Program Files (x86)\CTEX\MiKTeX\tex\latex\hyperref\hyperref.sty"
Package: hyperref 2012/02/06 v6.82o Hypertext links for LaTeX

("D:\Program Files (x86)\CTEX\MiKTeX\tex\generic\oberdiek\hobsub-hyperref.sty"
Package: hobsub-hyperref 2011/04/23 v1.4 Bundle oberdiek, subset hyperref (HO)

("D:\Program Files (x86)\CTEX\MiKTeX\tex\generic\oberdiek\hobsub-generic.sty"
Package: hobsub-generic 2011/04/23 v1.4 Bundle oberdiek, subset generic (HO)
Package: hobsub 2011/04/23 v1.4 Subsetting bundle oberdiek (HO)
Package hobsub Info: Skipping package `infwarerr' (already loaded).
Package hobsub Info: Skipping package `ltxcmds' (already loaded).
Package: ifluatex 2010/03/01 v1.3 Provides the ifluatex switch (HO)
Package ifluatex Info: LuaTeX not detected.
Package hobsub Info: Skipping package `ifvtex' (already loaded).
Package: intcalc 2007/09/27 v1.1 Expandable integer calculations (HO)
Package hobsub Info: Skipping package `ifpdf' (already loaded).
Package: etexcmds 2011/02/16 v1.5 Prefix for e-TeX command names (HO)
Package etexcmds Info: Could not find \expanded.
(etexcmds)             That can mean that you are not using pdfTeX 1.50 or
(etexcmds)             that some package has redefined \expanded.
(etexcmds)             In the latter case, load this package earlier.
Package: kvsetkeys 2011/04/07 v1.13 Key value parser (HO)
Package: kvdefinekeys 2011/04/07 v1.3 Defining keys (HO)
Package: pdftexcmds 2011/04/22 v0.16 Utilities of pdfTeX for LuaTeX (HO)
Package pdftexcmds Info: LuaTeX not detected.
Package pdftexcmds Info: \pdf@primitive is available.
Package pdftexcmds Info: \pdf@ifprimitive is available.
Package pdftexcmds Info: \pdfdraftmode found.
Package: pdfescape 2011/04/04 v1.12 Provides string conversions (HO)
Package: bigintcalc 2011/01/30 v1.2 Expandable big integer calculations (HO)
Package: bitset 2011/01/30 v1.1 Data type bit set (HO)
Package: uniquecounter 2011/01/30 v1.2 Provides unlimited unique counter (HO)
)
Package hobsub Info: Skipping package `hobsub' (already loaded).
Package: letltxmacro 2010/09/02 v1.4 Let assignment for LaTeX macros (HO)
Package: hopatch 2011/01/30 v1.0 Wrapper for package hooks (HO)
Package: xcolor-patch 2011/01/30 xcolor patch
Package: atveryend 2011/04/23 v1.7 Hooks at very end of document (HO)
Package hobsub Info: Skipping package `atbegshi' (already loaded).
Package: refcount 2010/12/01 v3.2 Data extraction from references (HO)
Package: hycolor 2011/01/30 v1.7 Color options of hyperref/bookmark (HO)
) ("D:\Program Files (x86)\CTEX\MiKTeX\tex\latex\oberdiek\kvoptions.sty"
Package: kvoptions 2010/12/23 v3.10 Keyval support for LaTeX options (HO)
)
\@linkdim=\dimen164
\Hy@linkcounter=\count120
\Hy@pagecounter=\count121

("D:\Program Files (x86)\CTEX\MiKTeX\tex\latex\hyperref\pd1enc.def"
File: pd1enc.def 2012/02/06 v6.82o Hyperref: PDFDocEncoding definition (HO)
)
\Hy@SavedSpaceFactor=\count122

("D:\Program Files (x86)\CTEX\MiKTeX\tex\latex\00miktex\hyperref.cfg"
File: hyperref.cfg 2002/06/06 v1.2 hyperref configuration of TeXLive
)
Package hyperref Info: Option `bookmarks' set `true' on input line 3925.
Package hyperref Info: Option `bookmarksopen' set `true' on input line 3925.
Package hyperref Info: Option `implicit' set `false' on input line 3925.
Package hyperref Info: Hyper figures OFF on input line 4046.
Package hyperref Info: Link nesting OFF on input line 4051.
Package hyperref Info: Hyper index ON on input line 4054.
Package hyperref Info: Plain pages OFF on input line 4061.
Package hyperref Info: Backreferencing OFF on input line 4066.
Package hyperref Info: Implicit mode OFF; no redefinition of LaTeX internals.
Package hyperref Info: Bookmarks ON on input line 4284.
\c@Hy@tempcnt=\count123

("D:\Program Files (x86)\CTEX\MiKTeX\tex\latex\ltxmisc\url.sty"
\Urlmuskip=\muskip10
Package: url 2006/04/12  ver 3.3  Verb mode for urls, etc.
)
LaTeX Info: Redefining \url on input line 4637.
\Fld@menulength=\count124
\Field@Width=\dimen165
\Fld@charsize=\dimen166
Package hyperref Info: Hyper figures OFF on input line 5757.
Package hyperref Info: Link nesting OFF on input line 5762.
Package hyperref Info: Hyper index ON on input line 5765.
Package hyperref Info: backreferencing OFF on input line 5772.
Package hyperref Info: Link coloring OFF on input line 5777.
Package hyperref Info: Link coloring with OCG OFF on input line 5782.
Package hyperref Info: PDF/A mode OFF on input line 5787.
LaTeX Info: Redefining \ref on input line 5827.
LaTeX Info: Redefining \pageref on input line 5831.
\Hy@abspage=\count125


Package hyperref Message: Stopped early.

)

Package hyperref Message: Driver (autodetected): hpdftex.

("D:\Program Files (x86)\CTEX\MiKTeX\tex\latex\hyperref\hpdftex.def"
File: hpdftex.def 2012/02/06 v6.82o Hyperref driver for pdfTeX
\Fld@listcount=\count126
\c@bookmark@seq@number=\count127

("D:\Program Files (x86)\CTEX\MiKTeX\tex\latex\oberdiek\rerunfilecheck.sty"
Package: rerunfilecheck 2011/04/15 v1.7 Rerun checks for auxiliary files (HO)
Package uniquecounter Info: New unique counter `rerunfilecheck' on input line 2
82.
))
("D:\Program Files (x86)\CTEX\UserData\tex\latex\beamer\beamerbaserequires.sty"

("D:\Program Files (x86)\CTEX\UserData\tex\latex\beamer\beamerbasecompatibility
.sty")
("D:\Program Files (x86)\CTEX\UserData\tex\latex\beamer\beamerbasefont.sty"
("D:\Program Files (x86)\CTEX\MiKTeX\tex\latex\amsfonts\amssymb.sty"
Package: amssymb 2009/06/22 v3.00

("D:\Program Files (x86)\CTEX\MiKTeX\tex\latex\amsfonts\amsfonts.sty"
Package: amsfonts 2009/06/22 v3.00 Basic AMSFonts support
\@emptytoks=\toks26
\symAMSa=\mathgroup4
\symAMSb=\mathgroup5
LaTeX Font Info:    Overwriting math alphabet `\mathfrak' in version `bold'
(Font)                  U/euf/m/n --> U/euf/b/n on input line 96.
)))
("D:\Program Files (x86)\CTEX\UserData\tex\latex\beamer\beamerbasetranslator.st
y"
("D:\Program Files (x86)\CTEX\UserData\tex\latex\beamer\translator\translator.s
ty"
Package: translator 2010/06/12 ver 1.10

("D:\Program Files (x86)\CTEX\UserData\tex\latex\beamer\translator\translator-l
anguage-mappings.tex")))
("D:\Program Files (x86)\CTEX\UserData\tex\latex\beamer\beamerbasemisc.sty")
("D:\Program Files (x86)\CTEX\UserData\tex\latex\beamer\beamerbasetwoscreens.st
y")
("D:\Program Files (x86)\CTEX\UserData\tex\latex\beamer\beamerbaseoverlay.sty"
\beamer@argscount=\count128
\beamer@lastskipcover=\skip44
\beamer@trivlistdepth=\count129
) ("D:\Program Files (x86)\CTEX\UserData\tex\latex\beamer\beamerbasetitle.sty")

("D:\Program Files (x86)\CTEX\UserData\tex\latex\beamer\beamerbasesection.sty"
\c@lecture=\count130
\c@part=\count131
\c@section=\count132
\c@subsection=\count133
\c@subsubsection=\count134
) ("D:\Program Files (x86)\CTEX\UserData\tex\latex\beamer\beamerbaseframe.sty"
\beamer@framebox=\box40
\beamer@frametitlebox=\box41
\beamer@zoombox=\box42
\beamer@zoomcount=\count135
\beamer@zoomframecount=\count136
\beamer@frametextheight=\dimen167
\c@subsectionslide=\count137
\beamer@frametopskip=\skip45
\beamer@framebottomskip=\skip46
\beamer@frametopskipautobreak=\skip47
\beamer@framebottomskipautobreak=\skip48
\beamer@envbody=\toks27
\framewidth=\dimen168
\c@framenumber=\count138
)
("D:\Program Files (x86)\CTEX\UserData\tex\latex\beamer\beamerbaseverbatim.sty"
\beamer@verbatimfileout=\write4
)
("D:\Program Files (x86)\CTEX\UserData\tex\latex\beamer\beamerbaseframesize.sty
"
\beamer@splitbox=\box43
\beamer@autobreakcount=\count139
\beamer@autobreaklastheight=\dimen169
\beamer@frametitletoks=\toks28
\beamer@framesubtitletoks=\toks29
)
("D:\Program Files (x86)\CTEX\UserData\tex\latex\beamer\beamerbaseframecomponen
ts.sty"
\beamer@footins=\box44
)
("D:\Program Files (x86)\CTEX\UserData\tex\latex\beamer\beamerbasecolor.sty")
("D:\Program Files (x86)\CTEX\UserData\tex\latex\beamer\beamerbasenotes.sty"
\beamer@frameboxcopy=\box45
)
("D:\Program Files (x86)\CTEX\UserData\tex\latex\beamer\beamerbasetoc.sty")
("D:\Program Files (x86)\CTEX\UserData\tex\latex\beamer\beamerbasetemplates.sty
"
\beamer@sbttoks=\toks30

("D:\Program Files (x86)\CTEX\UserData\tex\latex\beamer\beamerbaseauxtemplates.
sty" ("D:\Program Files (x86)\CTEX\UserData\tex\latex\beamer\beamerbaseboxes.st
y"
\bmb@box=\box46
\bmb@colorbox=\box47
\bmb@boxshadow=\box48
\bmb@boxshadowball=\box49
\bmb@boxshadowballlarge=\box50
\bmb@temp=\dimen170
\bmb@dima=\dimen171
\bmb@dimb=\dimen172
\bmb@prevheight=\dimen173
)
\beamer@blockheadheight=\dimen174
))
("D:\Program Files (x86)\CTEX\UserData\tex\latex\beamer\beamerbaselocalstructur
e.sty" ("D:\Program Files (x86)\CTEX\MiKTeX\tex\latex\tools\enumerate.sty"
Package: enumerate 1999/03/05 v3.00 enumerate extensions (DPC)
\@enLab=\toks31
)
\c@figure=\count140
\c@table=\count141
\abovecaptionskip=\skip49
\belowcaptionskip=\skip50
)
("D:\Program Files (x86)\CTEX\UserData\tex\latex\beamer\beamerbasenavigation.st
y"
\beamer@section@min@dim=\dimen175
)
("D:\Program Files (x86)\CTEX\UserData\tex\latex\beamer\beamerbasetheorems.sty"
("D:\Program Files (x86)\CTEX\MiKTeX\tex\latex\ams\math\amsmath.sty"
Package: amsmath 2000/07/18 v2.13 AMS math features
\@mathmargin=\skip51

For additional information on amsmath, use the `?' option.
("D:\Program Files (x86)\CTEX\MiKTeX\tex\latex\ams\math\amstext.sty"
Package: amstext 2000/06/29 v2.01

("D:\Program Files (x86)\CTEX\MiKTeX\tex\latex\ams\math\amsgen.sty"
File: amsgen.sty 1999/11/30 v2.0
\@emptytoks=\toks32
\ex@=\dimen176
))
("D:\Program Files (x86)\CTEX\MiKTeX\tex\latex\ams\math\amsbsy.sty"
Package: amsbsy 1999/11/29 v1.2d
\pmbraise@=\dimen177
)
("D:\Program Files (x86)\CTEX\MiKTeX\tex\latex\ams\math\amsopn.sty"
Package: amsopn 1999/12/14 v2.01 operator names
)
\inf@bad=\count142
LaTeX Info: Redefining \frac on input line 211.
\uproot@=\count143
\leftroot@=\count144
LaTeX Info: Redefining \overline on input line 307.
\classnum@=\count145
\DOTSCASE@=\count146
LaTeX Info: Redefining \ldots on input line 379.
LaTeX Info: Redefining \dots on input line 382.
LaTeX Info: Redefining \cdots on input line 467.
\Mathstrutbox@=\box51
\strutbox@=\box52
\big@size=\dimen178
LaTeX Font Info:    Redeclaring font encoding OML on input line 567.
LaTeX Font Info:    Redeclaring font encoding OMS on input line 568.
\macc@depth=\count147
\c@MaxMatrixCols=\count148
\dotsspace@=\muskip11
\c@parentequation=\count149
\dspbrk@lvl=\count150
\tag@help=\toks33
\row@=\count151
\column@=\count152
\maxfields@=\count153
\andhelp@=\toks34
\eqnshift@=\dimen179
\alignsep@=\dimen180
\tagshift@=\dimen181
\tagwidth@=\dimen182
\totwidth@=\dimen183
\lineht@=\dimen184
\@envbody=\toks35
\multlinegap=\skip52
\multlinetaggap=\skip53
\mathdisplay@stack=\toks36
LaTeX Info: Redefining \[ on input line 2666.
LaTeX Info: Redefining \] on input line 2667.
)
("D:\Program Files (x86)\CTEX\MiKTeX\tex\latex\ams\classes\amsthm.sty"
Package: amsthm 2004/08/06 v2.20
\thm@style=\toks37
\thm@bodyfont=\toks38
\thm@headfont=\toks39
\thm@notefont=\toks40
\thm@headpunct=\toks41
\thm@preskip=\skip54
\thm@postskip=\skip55
\thm@headsep=\skip56
\dth@everypar=\toks42
)
\c@theorem=\count154
)
("D:\Program Files (x86)\CTEX\UserData\tex\latex\beamer\beamerbasethemes.sty"))

("D:\Program Files (x86)\CTEX\UserData\tex\latex\beamer\themes\theme\beamerthem
edefault.sty"
("D:\Program Files (x86)\CTEX\UserData\tex\latex\beamer\themes\font\beamerfontt
hemedefault.sty")
("D:\Program Files (x86)\CTEX\UserData\tex\latex\beamer\themes\color\beamercolo
rthemedefault.sty")
("D:\Program Files (x86)\CTEX\UserData\tex\latex\beamer\themes\inner\beamerinne
rthemedefault.sty"
\beamer@dima=\dimen185
\beamer@dimb=\dimen186
)
("D:\Program Files (x86)\CTEX\UserData\tex\latex\beamer\themes\outer\beameroute
rthemedefault.sty"))) ("D:\Program Files (x86)\CTEX\MiKTeX\tex\latex\cjk\CJK.st
y"
Package: CJK 2008/12/29 4.8.2
 ("D:\Program Files (x86)\CTEX\MiKTeX\tex\latex\cjk\mule\MULEenc.sty"
Package: MULEenc 2008/12/29 4.8.2
)
("D:\Program Files (x86)\CTEX\MiKTeX\tex\latex\cjk\CJK.enc"
File: CJK.enc 2008/12/29 4.8.2
)
LaTeX Info: Redefining \selectfont on input line 756.
\CJK@indent=\box53
)

! LaTeX Error: File `newtxmath.sty' not found.

Type X to quit or <RETURN> to proceed,
or enter new name. (Default extension: sty)

Enter file name: 
("D:\Program Files (x86)\CTEX\MiKTeX\tex\latex\psnfss\palatino.sty"
Package: palatino 2005/04/12 PSNFSS-v9.2a (SPQR) 
)
("D:\Program Files (x86)\CTEX\MiKTeX\tex\latex\jknappen\mathrsfs.sty"
Package: mathrsfs 1996/01/01 Math RSFS package v1.0 (jk)
\symrsfs=\mathgroup6
)
Package hyperref Info: Option `CJKbookmarks' set `true' on input line 8.

("D:\Program Files (x86)\CTEX\MiKTeX\tex\latex\ctex\ctex.sty"
Package: ctex 2011/03/11 v1.02c ctex macros package

("D:\Program Files (x86)\CTEX\MiKTeX\tex\latex\ctex\opt\ctex-common-opts.def")
("D:\Program Files (x86)\CTEX\CTeX\tex\latex\ctex\cfg\ctexopts.cfg")
("D:\Program Files (x86)\CTEX\MiKTeX\tex\latex\ctex\def\ctex-common.def"
("D:\Program Files (x86)\CTEX\MiKTeX\tex\latex\l3kernel\expl3.sty"
("D:\Program Files (x86)\CTEX\MiKTeX\tex\latex\l3kernel\l3names.sty"
("D:\Program Files (x86)\CTEX\MiKTeX\tex\latex\l3kernel\l3bootstrap.sty"
Package: l3bootstrap 2011/12/29 v3110 L3 Experimental bootstrap code
)
Package: l3names 2011/12/30 v3113 L3 Experimental namespace for primitives
)
Package: expl3 2012/02/26 v3471 L3 Experimental code bundle wrapper

("D:\Program Files (x86)\CTEX\MiKTeX\tex\latex\l3kernel\l3basics.sty"
Package: l3basics 2012/02/26 v3460 L3 Experimental basic definitions
)
("D:\Program Files (x86)\CTEX\MiKTeX\tex\latex\l3kernel\l3expan.sty"
Package: l3expan 2012/02/26 v3460 L3 Experimental argument expansion
)
("D:\Program Files (x86)\CTEX\MiKTeX\tex\latex\l3kernel\l3tl.sty"
Package: l3tl 2012/02/26 v3460 L3 Experimental token lists
)
("D:\Program Files (x86)\CTEX\MiKTeX\tex\latex\l3kernel\l3seq.sty"
Package: l3seq 2012/01/09 v3158 L3 Experimental sequences and stacks
)
("D:\Program Files (x86)\CTEX\MiKTeX\tex\latex\l3kernel\l3int.sty"
Package: l3int 2012/02/26 v3460 L3 Experimental integers
\c_max_int=\count155
\l_tmpa_int=\count156
\l_tmpb_int=\count157
\l_tmpc_int=\count158
\g_tmpa_int=\count159
\g_tmpb_int=\count160
)
("D:\Program Files (x86)\CTEX\MiKTeX\tex\latex\l3kernel\l3quark.sty"
Package: l3quark 2012/02/12 v3384 L3 Experimental quarks
)
("D:\Program Files (x86)\CTEX\MiKTeX\tex\latex\l3kernel\l3prg.sty"
Package: l3prg 2012/02/26 v3464 L3 Experimental control structures
\g_prg_map_int=\count161
)
("D:\Program Files (x86)\CTEX\MiKTeX\tex\latex\l3kernel\l3clist.sty"
Package: l3clist 2012/02/26 v3460 L3 Experimental comma separated lists
)
("D:\Program Files (x86)\CTEX\MiKTeX\tex\latex\l3kernel\l3token.sty"
Package: l3token 2012/02/26 v3460 L3 Experimental token manipulation
)
("D:\Program Files (x86)\CTEX\MiKTeX\tex\latex\l3kernel\l3prop.sty"
Package: l3prop 2012/02/26 v3460 L3 Experimental property lists
)
("D:\Program Files (x86)\CTEX\MiKTeX\tex\latex\l3kernel\l3msg.sty"
Package: l3msg 2012/02/26 v3470 L3 Experimental messages
)
("D:\Program Files (x86)\CTEX\MiKTeX\tex\latex\l3kernel\l3file.sty"
Package: l3file 2012/02/26 v3464 L3 Experimental file and I/O operations
\l_iow_stream_int=\count162
\l_iow_line_length_int=\count163
\l_iow_target_length_int=\count164
\l_iow_current_line_int=\count165
\l_iow_current_word_int=\count166
\l_iow_current_indentation_int=\count167
)
("D:\Program Files (x86)\CTEX\MiKTeX\tex\latex\l3kernel\l3skip.sty"
Package: l3skip 2012/02/26 v3460 L3 Experimental dimensions and skips
\l_tmpa_dim=\dimen187
\l_tmpb_dim=\dimen188
\l_tmpc_dim=\dimen189
\g_tmpa_dim=\dimen190
\g_tmpb_dim=\dimen191
\l_tmpa_skip=\skip57
\l_tmpb_skip=\skip58
\l_tmpc_skip=\skip59
\g_tmpa_skip=\skip60
\g_tmpb_skip=\skip61
)
("D:\Program Files (x86)\CTEX\MiKTeX\tex\latex\l3kernel\l3keys.sty"
Package: l3keys 2011/12/22 v3086 L3 Experimental key-value interfaces
\g_keyval_level_int=\count168
\l_keys_choice_int=\count169
)
("D:\Program Files (x86)\CTEX\MiKTeX\tex\latex\l3kernel\l3fp.sty"
Package: l3fp 2012/02/06 v3315 L3 Experimental floating-point operations
\c_one_million=\count170
\c_one_hundred_million=\count171
\c_five_hundred_million=\count172
\c_one_thousand_million=\count173
\c_fp_pi_by_four_decimal_int=\count174
\c_fp_pi_by_four_extended_int=\count175
\c_fp_pi_decimal_int=\count176
\c_fp_pi_extended_int=\count177
\c_fp_two_pi_decimal_int=\count178
\c_fp_two_pi_extended_int=\count179
\l_fp_count_int=\count180
\l_fp_div_offset_int=\count181
\l_fp_exp_integer_int=\count182
\l_fp_exp_decimal_int=\count183
\l_fp_exp_extended_int=\count184
\l_fp_exp_exponent_int=\count185
\l_fp_input_a_sign_int=\count186
\l_fp_input_a_integer_int=\count187
\l_fp_input_a_decimal_int=\count188
\l_fp_input_a_exponent_int=\count189
\l_fp_input_b_sign_int=\count190
\l_fp_input_b_integer_int=\count191
\l_fp_input_b_decimal_int=\count192
\l_fp_input_b_exponent_int=\count193
\l_fp_input_a_extended_int=\count194
\l_fp_input_b_extended_int=\count195
\l_fp_mul_a_i_int=\count196
\l_fp_mul_a_ii_int=\count197
\l_fp_mul_a_iii_int=\count198
\l_fp_mul_a_iv_int=\count199
\l_fp_mul_a_v_int=\count200
\l_fp_mul_a_vi_int=\count201
Normal \count register pool exhausted, switching to extended pool.
\l_fp_mul_b_i_int=\count277
\l_fp_mul_b_ii_int=\count278
\l_fp_mul_b_iii_int=\count279
\l_fp_mul_b_iv_int=\count280
\l_fp_mul_b_v_int=\count281
\l_fp_mul_b_vi_int=\count282
\l_fp_mul_output_int=\count283
\l_fp_output_sign_int=\count284
\l_fp_output_integer_int=\count285
\l_fp_output_decimal_int=\count286
\l_fp_output_exponent_int=\count287
\l_fp_output_extended_int=\count288
\l_fp_round_position_int=\count289
\l_fp_round_target_int=\count290
\l_fp_split_sign_int=\count291
\l_fp_internal_int=\count292
\l_fp_trig_octant_int=\count293
\l_fp_trig_sign_int=\count294
\l_fp_trig_decimal_int=\count295
\l_fp_trig_extended_int=\count296
\l_fp_internal_dim=\dimen192
\l_fp_internal_skip=\skip62
)
("D:\Program Files (x86)\CTEX\MiKTeX\tex\latex\l3kernel\l3box.sty"
Package: l3box 2012/02/18 v3432 L3 Experimental boxes
\l_tmpb_box=\box54
\l_box_top_dim=\dimen193
\l_box_bottom_dim=\dimen194
\l_box_left_dim=\dimen195
\l_box_right_dim=\dimen196
\l_box_top_new_dim=\dimen197
\l_box_bottom_new_dim=\dimen198
\l_box_left_new_dim=\dimen199
\l_box_right_new_dim=\dimen200
\l_box_internal_box=\box55
)
("D:\Program Files (x86)\CTEX\MiKTeX\tex\latex\l3kernel\l3coffins.sty"
Package: l3coffins 2012/02/26 v3460 L3 Experimental coffin code layer
\l_coffin_internal_box=\box56
\l_coffin_internal_dim=\dimen201
Normal \dimen register pool exhausted, switching to extended pool.
\l_coffin_offset_x_dim=\dimen256
\l_coffin_offset_y_dim=\dimen257
\l_coffin_x_dim=\dimen258
\l_coffin_y_dim=\dimen259
\l_coffin_x_prime_dim=\dimen260
\l_coffin_y_prime_dim=\dimen261
\l_coffin_Depth_dim=\dimen262
\l_coffin_Height_dim=\dimen263
\l_coffin_TotalHeight_dim=\dimen264
\l_coffin_Width_dim=\dimen265
\c_empty_coffin=\box57
\l_coffin_aligned_coffin=\box58
\l_coffin_aligned_internal_coffin=\box59
\l_coffin_bounding_shift_dim=\dimen266
\l_coffin_left_corner_dim=\dimen267
\l_coffin_right_corner_dim=\dimen268
\l_coffin_bottom_corner_dim=\dimen269
\l_coffin_top_corner_dim=\dimen270
\l_coffin_scaled_total_height_dim=\dimen271
\l_coffin_scaled_width_dim=\dimen272
\l_coffin_display_coffin=\box60
\l_coffin_display_coord_coffin=\box61
\l_coffin_display_pole_coffin=\box62
\l_coffin_display_offset_dim=\dimen273
\l_coffin_display_x_dim=\dimen274
\l_coffin_display_y_dim=\dimen275
)
("D:\Program Files (x86)\CTEX\MiKTeX\tex\latex\l3kernel\l3color.sty"
Package: l3color 2011/09/07 v2776 L3 Experimental colour support
)
("D:\Program Files (x86)\CTEX\MiKTeX\tex\latex\l3kernel\l3luatex.sty"
Package: l3luatex 2012/02/09 v3355 L3 Experimental LuaTeX-specific functions
\g_cctab_allocate_int=\count297
\g_cctab_stack_int=\count298
))
("D:\Program Files (x86)\CTEX\MiKTeX\tex\latex\tools\indentfirst.sty"
Package: indentfirst 1995/11/23 v1.03 Indent first paragraph (DPC)
)
("D:\Program Files (x86)\CTEX\MiKTeX\tex\latex\base\fix-cm.sty"
Package: fix-cm 2006/09/13 v1.1m fixes to LaTeX

("D:\Program Files (x86)\CTEX\MiKTeX\tex\latex\base\ts1enc.def"
File: ts1enc.def 2001/06/05 v3.0e (jk/car/fm) Standard LaTeX file
))
("D:\Program Files (x86)\CTEX\MiKTeX\tex\latex\ctex\engine\ctex-cjk-engine.def"
("D:\Program Files (x86)\CTEX\CTeX\tex\latex\CJKpunct\CJKpunct.sty"
Package: CJKpunct 2010/02/21 4.8.2-2
\CJKpunct@cnta=\count299
\CJKpunct@cntb=\count300
\CJKpunct@cntc=\count301
\CJKpunct@cntd=\count302
\CJKpunct@cnte=\count303

("D:\Program Files (x86)\CTEX\CTeX\tex\latex\CJKpunct\CJKpunct.spa"))
("D:\Program Files (x86)\CTEX\MiKTeX\tex\latex\ctex\engine\ctex-cjk-common.def"
\ccwd=\dimen276
)
("D:\Program Files (x86)\CTEX\MiKTeX\tex\latex\ctex\fontset\ctex-cjk-winfonts.d
ef" ("D:\Program Files (x86)\CTEX\MiKTeX\tex\generic\zhmetrics\zhwinfonts.tex"
("D:\Program Files (x86)\CTEX\MiKTeX\tex\generic\oberdiek\ifpdf.sty"
Package ifpdf Info: The package is already loaded, stopped on input line 64.
){D:/Program Files (x86)/CTEX/UserData/pdftex/config/pdftex.map{Unicode.sfd}{UG
BK.sfd}})))
\CTEX@q=\count304
\CTEX@r=\count305
)) ("D:\Program Files (x86)\CTEX\MiKTeX\tex\latex\ctex\def\ctex-gbk.def")
("D:\Program Files (x86)\CTEX\MiKTeX\tex\latex\ctex\cfg\ctex.cfg")
("D:\Program Files (x86)\CTEX\UserData\tex\latex\natbib\natbib.sty"
Package: natbib 2010/09/13 8.31b (PWD, AO)
\bibhang=\skip63
\bibsep=\skip64
LaTeX Info: Redefining \cite on input line 694.
\c@NAT@ctr=\count306
)
("D:\Program Files (x86)\CTEX\UserData\tex\latex\algorithm2e\algorithm2e.sty"
Package: algorithm2e 2013/01/06 v5.00 algorithms environments
\c@AlgoLine=\count307

("D:\Program Files (x86)\CTEX\MiKTeX\tex\latex\base\ifthen.sty"
Package: ifthen 2001/05/26 v1.1c Standard LaTeX ifthen package (DPC)
)
\algocf@hangindent=\skip65

("D:\Program Files (x86)\CTEX\MiKTeX\tex\latex\tools\xspace.sty"
Package: xspace 2009/10/20 v1.13 Space after command names (DPC,MH)
)
("D:\Program Files (x86)\CTEX\MiKTeX\tex\latex\ltxmisc\relsize.sty"
Package: relsize 2003/07/04 ver 3.1
)
********************************************************
Package `algorithm2e' Release 5.1 -- october 19 2015 --
- algorithm2e-announce@lirmm.fr mailing list for announcement about releases
- algorithm2e-discussion@lirmm.fr mailing list for discussion about package
subscribe by emailing sympa@lirmm.fr with 'subscribe <list> <firstname name>'
- Author: Christophe Fiorio (christophe.fiorio@umontpellier.fr)
********************************************************
\skiptotal=\skip66
\skiplinenumber=\skip67
\skiprule=\skip68
\skiphlne=\skip69
\skiptext=\skip70
\skiplength=\skip71
\algomargin=\skip72
\skipalgocfslide=\skip73
\algowidth=\dimen277
\inoutsize=\dimen278
\inoutindent=\dimen279
\interspacetitleruled=\dimen280
\interspacealgoruled=\dimen281
\interspacetitleboxruled=\dimen282
\algocf@ruledwidth=\skip74
\algocf@inoutbox=\box63
\algocf@inputbox=\box64
\AlCapSkip=\skip75
\AlCapHSkip=\skip76
\algoskipindent=\skip77
\algocf@nlbox=\box65
\algocf@hangingbox=\box66
\algocf@untilbox=\box67
\algocf@skipuntil=\skip78
\algocf@capbox=\box68
\algoheightruledefault=\skip79
\algoheightrule=\skip80
\algotitleheightruledefault=\skip81
\algotitleheightrule=\skip82
\c@algocfline=\count308
\c@algocfproc=\count309
\c@algocf=\count310
\algocf@algoframe=\box69
\algocf@algobox=\box70
)
Package hyperref Info: Option `colorlinks' set `true' on input line 33.

("D:\Program Files (x86)\CTEX\UserData\tex\latex\beamer\themes\theme\beamerthem
eMadrid.sty"
("D:\Program Files (x86)\CTEX\UserData\tex\latex\beamer\themes\color\beamercolo
rthemewhale.sty")
("D:\Program Files (x86)\CTEX\UserData\tex\latex\beamer\themes\color\beamercolo
rthemeorchid.sty")
("D:\Program Files (x86)\CTEX\UserData\tex\latex\beamer\themes\inner\beamerinne
rthemerounded.sty")
("D:\Program Files (x86)\CTEX\UserData\tex\latex\beamer\themes\outer\beameroute
rthemeinfolines.sty")) (D:\exam\ppt\course.aux)
LaTeX Font Info:    Checking defaults for OML/cmm/m/it on input line 54.
LaTeX Font Info:    ... okay on input line 54.
LaTeX Font Info:    Checking defaults for T1/cmr/m/n on input line 54.
LaTeX Font Info:    ... okay on input line 54.
LaTeX Font Info:    Checking defaults for OT1/cmr/m/n on input line 54.
LaTeX Font Info:    ... okay on input line 54.
LaTeX Font Info:    Checking defaults for OMS/cmsy/m/n on input line 54.
LaTeX Font Info:    ... okay on input line 54.
LaTeX Font Info:    Checking defaults for OMX/cmex/m/n on input line 54.
LaTeX Font Info:    ... okay on input line 54.
LaTeX Font Info:    Checking defaults for U/cmr/m/n on input line 54.
LaTeX Font Info:    ... okay on input line 54.
LaTeX Font Info:    Checking defaults for PD1/pdf/m/n on input line 54.
LaTeX Font Info:    ... okay on input line 54.
LaTeX Font Info:    Checking defaults for C00/song/m/n on input line 54.
LaTeX Font Info:    ... okay on input line 54.
LaTeX Font Info:    Checking defaults for C05/song/m/n on input line 54.
LaTeX Font Info:    ... okay on input line 54.
LaTeX Font Info:    Checking defaults for C09/song/m/n on input line 54.
LaTeX Font Info:    ... okay on input line 54.
LaTeX Font Info:    Checking defaults for C10/song/m/n on input line 54.
LaTeX Font Info:    ... okay on input line 54.
LaTeX Font Info:    Checking defaults for C20/song/m/n on input line 54.
LaTeX Font Info:    ... okay on input line 54.
LaTeX Font Info:    Checking defaults for C19/song/m/n on input line 54.
LaTeX Font Info:    ... okay on input line 54.
LaTeX Font Info:    Checking defaults for C40/song/m/n on input line 54.
LaTeX Font Info:    ... okay on input line 54.
LaTeX Font Info:    Checking defaults for C42/song/m/n on input line 54.
LaTeX Font Info:    ... okay on input line 54.
LaTeX Font Info:    Checking defaults for C43/song/m/n on input line 54.
LaTeX Font Info:    ... okay on input line 54.
LaTeX Font Info:    Checking defaults for C50/song/m/n on input line 54.
LaTeX Font Info:    ... okay on input line 54.
LaTeX Font Info:    Checking defaults for C52/song/m/n on input line 54.
LaTeX Font Info:    ... okay on input line 54.
LaTeX Font Info:    Checking defaults for C49/song/m/n on input line 54.
LaTeX Font Info:    ... okay on input line 54.
LaTeX Font Info:    Checking defaults for C60/mj/m/n on input line 54.
LaTeX Font Info:    ... okay on input line 54.
LaTeX Font Info:    Checking defaults for C61/mj/m/n on input line 54.
LaTeX Font Info:    ... okay on input line 54.
LaTeX Font Info:    Checking defaults for C63/mj/m/n on input line 54.
LaTeX Font Info:    ... okay on input line 54.
LaTeX Font Info:    Checking defaults for C64/mj/m/n on input line 54.
LaTeX Font Info:    ... okay on input line 54.
LaTeX Font Info:    Checking defaults for C65/mj/m/n on input line 54.
LaTeX Font Info:    ... okay on input line 54.
LaTeX Font Info:    Checking defaults for C70/song/m/n on input line 54.
LaTeX Font Info:    ... okay on input line 54.
LaTeX Font Info:    Checking defaults for C31/song/m/n on input line 54.
LaTeX Font Info:    ... okay on input line 54.
LaTeX Font Info:    Checking defaults for C32/song/m/n on input line 54.
LaTeX Font Info:    ... okay on input line 54.
LaTeX Font Info:    Checking defaults for C33/song/m/n on input line 54.
LaTeX Font Info:    ... okay on input line 54.
LaTeX Font Info:    Checking defaults for C34/song/m/n on input line 54.
LaTeX Font Info:    ... okay on input line 54.
LaTeX Font Info:    Checking defaults for C35/song/m/n on input line 54.
LaTeX Font Info:    ... okay on input line 54.
LaTeX Font Info:    Checking defaults for C36/song/m/n on input line 54.
LaTeX Font Info:    ... okay on input line 54.
LaTeX Font Info:    Checking defaults for C37/song/m/n on input line 54.
LaTeX Font Info:    ... okay on input line 54.
LaTeX Font Info:    Checking defaults for C80/song/m/n on input line 54.
LaTeX Font Info:    ... okay on input line 54.
LaTeX Font Info:    Checking defaults for C81/song/m/n on input line 54.
LaTeX Font Info:    ... okay on input line 54.
LaTeX Font Info:    Checking defaults for C01/song/m/n on input line 54.
LaTeX Font Info:    ... okay on input line 54.
LaTeX Font Info:    Checking defaults for C11/song/m/n on input line 54.
LaTeX Font Info:    ... okay on input line 54.
LaTeX Font Info:    Checking defaults for C21/song/m/n on input line 54.
LaTeX Font Info:    ... okay on input line 54.
LaTeX Font Info:    Checking defaults for C41/song/m/n on input line 54.
LaTeX Font Info:    ... okay on input line 54.
LaTeX Font Info:    Checking defaults for C62/song/m/n on input line 54.
LaTeX Font Info:    ... okay on input line 54.
LaTeX Font Info:    Checking defaults for TS1/cmr/m/n on input line 54.
LaTeX Font Info:    ... okay on input line 54.
LaTeX Font Info:    Try loading font information for OT1+phv on input line 54.

("D:\Program Files (x86)\CTEX\MiKTeX\tex\latex\psnfss\ot1phv.fd"
File: ot1phv.fd 2001/06/04 scalable font definitions for OT1/phv.
)
*geometry* driver: auto-detecting
*geometry* detected driver: pdftex
*geometry* verbose mode - [ preamble ] result:
* driver: pdftex
* paper: custom
* layout: <same size as paper>
* layoutoffset:(h,v)=(0.0pt,0.0pt)
* modes: includehead includefoot 
* h-part:(L,W,R)=(10.95003pt, 342.2953pt, 10.95003pt)
* v-part:(T,H,B)=(0.0pt, 273.14662pt, 0.0pt)
* \paperwidth=364.19536pt
* \paperheight=273.14662pt
* \textwidth=342.2953pt
* \textheight=244.6939pt
* \oddsidemargin=-61.31996pt
* \evensidemargin=-61.31996pt
* \topmargin=-72.26999pt
* \headheight=14.22636pt
* \headsep=0.0pt
* \topskip=11.0pt
* \footskip=14.22636pt
* \marginparwidth=4.0pt
* \marginparsep=10.0pt
* \columnsep=10.0pt
* \skip\footins=10.0pt plus 4.0pt minus 2.0pt
* \hoffset=0.0pt
* \voffset=0.0pt
* \mag=1000
* \@twocolumnfalse
* \@twosidefalse
* \@mparswitchfalse
* \@reversemarginfalse
* (1in=72.27pt=25.4mm, 1cm=28.453pt)

("D:\Program Files (x86)\CTEX\MiKTeX\tex\context\base\supp-pdf.mkii"
[Loading MPS to PDF converter (version 2006.09.02).]
\scratchcounter=\count311
\scratchdimen=\dimen283
\scratchbox=\box71
\nofMPsegments=\count312
\nofMParguments=\count313
\everyMPshowfont=\toks43
\MPscratchCnt=\count314
\MPscratchDim=\dimen284
\MPnumerator=\count315
\makeMPintoPDFobject=\count316
\everyMPtoPDFconversion=\toks44
) ABD: EveryShipout initializing macros
\AtBeginShipoutBox=\box72
Package hyperref Info: Link coloring ON on input line 54.

("D:\Program Files (x86)\CTEX\MiKTeX\tex\latex\hyperref\nameref.sty"
Package: nameref 2010/04/30 v2.40 Cross-referencing by name of section

("D:\Program Files (x86)\CTEX\MiKTeX\tex\generic\oberdiek\gettitlestring.sty"
Package: gettitlestring 2010/12/03 v1.4 Cleanup title references (HO)
)
\c@section@level=\count317
)
LaTeX Info: Redefining \ref on input line 54.
LaTeX Info: Redefining \pageref on input line 54.
LaTeX Info: Redefining \nameref on input line 54.
(D:\exam\ppt\course.out) (D:\exam\ppt\course.out)
\@outlinefile=\write5
LaTeX Font Info:    Overwriting symbol font `operators' in version `normal'
(Font)                  OT1/cmr/m/n --> OT1/cmss/m/n on input line 54.
LaTeX Font Info:    Overwriting symbol font `operators' in version `bold'
(Font)                  OT1/cmr/bx/n --> OT1/cmss/bx/n on input line 54.
\symnumbers=\mathgroup7
\sympureletters=\mathgroup8
LaTeX Font Info:    Overwriting math alphabet `\mathrm' in version `normal'
(Font)                  OT1/cmss/m/n --> OT1/ppl/m/n on input line 54.
LaTeX Font Info:    Redeclaring math alphabet \mathbf on input line 54.
LaTeX Font Info:    Overwriting math alphabet `\mathbf' in version `normal'
(Font)                  OT1/cmr/bx/n --> OT1/phv/bx/n on input line 54.
LaTeX Font Info:    Overwriting math alphabet `\mathbf' in version `bold'
(Font)                  OT1/cmr/bx/n --> OT1/phv/bx/n on input line 54.
LaTeX Font Info:    Redeclaring math alphabet \mathsf on input line 54.
LaTeX Font Info:    Overwriting math alphabet `\mathsf' in version `normal'
(Font)                  OT1/cmss/m/n --> OT1/phv/m/n on input line 54.
LaTeX Font Info:    Overwriting math alphabet `\mathsf' in version `bold'
(Font)                  OT1/cmss/bx/n --> OT1/phv/m/n on input line 54.
LaTeX Font Info:    Redeclaring math alphabet \mathit on input line 54.
LaTeX Font Info:    Overwriting math alphabet `\mathit' in version `normal'
(Font)                  OT1/cmr/m/it --> OT1/phv/m/it on input line 54.
LaTeX Font Info:    Overwriting math alphabet `\mathit' in version `bold'
(Font)                  OT1/cmr/bx/it --> OT1/phv/m/it on input line 54.
LaTeX Font Info:    Redeclaring math alphabet \mathtt on input line 54.
LaTeX Font Info:    Overwriting math alphabet `\mathtt' in version `normal'
(Font)                  OT1/cmtt/m/n --> OT1/pcr/m/n on input line 54.
LaTeX Font Info:    Overwriting math alphabet `\mathtt' in version `bold'
(Font)                  OT1/cmtt/m/n --> OT1/pcr/m/n on input line 54.
LaTeX Font Info:    Overwriting symbol font `numbers' in version `bold'
(Font)                  OT1/phv/m/n --> OT1/phv/bx/n on input line 54.
LaTeX Font Info:    Overwriting symbol font `pureletters' in version `bold'
(Font)                  OT1/phv/m/it --> OT1/phv/bx/it on input line 54.
LaTeX Font Info:    Overwriting math alphabet `\mathrm' in version `bold'
(Font)                  OT1/cmss/bx/n --> OT1/ppl/bx/n on input line 54.
LaTeX Font Info:    Overwriting math alphabet `\mathbf' in version `bold'
(Font)                  OT1/phv/bx/n --> OT1/phv/bx/n on input line 54.
LaTeX Font Info:    Overwriting math alphabet `\mathsf' in version `bold'
(Font)                  OT1/phv/m/n --> OT1/phv/bx/n on input line 54.
LaTeX Font Info:    Overwriting math alphabet `\mathit' in version `bold'
(Font)                  OT1/phv/m/it --> OT1/phv/bx/it on input line 54.
LaTeX Font Info:    Overwriting math alphabet `\mathtt' in version `bold'
(Font)                  OT1/pcr/m/n --> OT1/pcr/bx/n on input line 54.

("D:\Program Files (x86)\CTEX\UserData\tex\latex\beamer\translator\dicts\transl
ator-basic-dictionary\translator-basic-dictionary-English.dict"
Dictionary: translator-basic-dictionary, Language: English 
)
("D:\Program Files (x86)\CTEX\UserData\tex\latex\beamer\translator\dicts\transl
ator-bibliography-dictionary\translator-bibliography-dictionary-English.dict"
Dictionary: translator-bibliography-dictionary, Language: English 
)
("D:\Program Files (x86)\CTEX\UserData\tex\latex\beamer\translator\dicts\transl
ator-environment-dictionary\translator-environment-dictionary-English.dict"
Dictionary: translator-environment-dictionary, Language: English 
)
("D:\Program Files (x86)\CTEX\UserData\tex\latex\beamer\translator\dicts\transl
ator-months-dictionary\translator-months-dictionary-English.dict"
Dictionary: translator-months-dictionary, Language: English 
)
("D:\Program Files (x86)\CTEX\UserData\tex\latex\beamer\translator\dicts\transl
ator-numbers-dictionary\translator-numbers-dictionary-English.dict"
Dictionary: translator-numbers-dictionary, Language: English 
)
("D:\Program Files (x86)\CTEX\UserData\tex\latex\beamer\translator\dicts\transl
ator-theorem-dictionary\translator-theorem-dictionary-English.dict"
Dictionary: translator-theorem-dictionary, Language: English 
)
LaTeX Info: Redefining \includegraphics on input line 54.

("D:\Program Files (x86)\CTEX\MiKTeX\tex\latex\cjk\standard.bdg"
File: standard.bdg 2008/12/29 4.8.2
)
("D:\Program Files (x86)\CTEX\MiKTeX\tex\latex\cjk\extended.enc"
File: extended.enc 2008/12/29 4.8.2
)
("D:\Program Files (x86)\CTEX\MiKTeX\tex\latex\cjk\extended.chr"
File: extended.chr 2008/12/29 4.8.2
)
(D:\exam\ppt\course.nav)
LaTeX Font Info:    Try loading font information for C19+rm on input line 54.

("D:\Program Files (x86)\CTEX\MiKTeX\tex\latex\ctex\fd\c19rm.fd"
File: c19rm.fd 2007/05/06 v0.8a ctex font definition file
)
Overfull \hbox (11.99442pt too wide) in paragraph at lines 54--54
[][]  
 []


Package hyperref Warning: Option `pdfauthor' has already been used,
(hyperref)                setting the option has no effect on input line 58.

LaTeX Font Info:    Try loading font information for C19+hei on input line 61.
("D:\Program Files (x86)\CTEX\CTeX\tex\latex\CJK\GB\c19hei.fd"
File: c19hei.fd 2009/09/23 4.8.2
)
Package CJKpunct Info: use punctuation spaces for family 'hei' with punctstyle 
(quanjiao) on input line 61.

<pku.png, id=47, 260.172pt x 260.172pt>
File: pku.png Graphic file (type png)
 <use pku.png>
Package pdftex.def Info: pku.png used on input line 61.
(pdftex.def)             Requested size: 34.14322pt x 34.14113pt.
 [1

 <D:/exam/ppt/pku.png>] (D:\exam\ppt\course.toc) [2

] [3

]

pdfTeX warning: pdflatex (file D:/exam/rlarc.pdf): PDF inclusion: found PDF ver
sion <1.7>, but at most version <1.5> allowed
<../rlarc.pdf, id=171, 256.91986pt x 94.31235pt>
File: ../rlarc.pdf Graphic file (type pdf)
 <use ../rlarc.pdf>
Package pdftex.def Info: ../rlarc.pdf used on input line 90.
(pdftex.def)             Requested size: 154.15309pt x 56.58783pt.

Overfull \hbox (17.23706pt too wide) in paragraph at lines 90--90
 [] 
 []

LaTeX Font Info:    Try loading font information for U+msa on input line 90.
("D:\Program Files (x86)\CTEX\MiKTeX\tex\latex\amsfonts\umsa.fd"
File: umsa.fd 2009/06/22 v3.00 AMS symbols A
)
LaTeX Font Info:    Try loading font information for U+msb on input line 90.

("D:\Program Files (x86)\CTEX\MiKTeX\tex\latex\amsfonts\umsb.fd"
File: umsb.fd 2009/06/22 v3.00 AMS symbols B
)
LaTeX Font Info:    Try loading font information for U+rsfs on input line 90.

("D:\Program Files (x86)\CTEX\MiKTeX\tex\latex\jknappen\ursfs.fd"
File: ursfs.fd 1998/03/24 rsfs font definition file (jk)
)
LaTeX Font Info:    Font shape `OT1/phv/m/it' in size <10.95> not available
(Font)              Font shape `OT1/phv/m/sl' tried instead on input line 90.
LaTeX Font Info:    Font shape `OT1/phv/m/it' in size <8> not available
(Font)              Font shape `OT1/phv/m/sl' tried instead on input line 90.
LaTeX Font Info:    Font shape `OT1/phv/m/it' in size <6> not available
(Font)              Font shape `OT1/phv/m/sl' tried instead on input line 90.
LaTeX Font Info:    Font shape `OT1/phv/m/it' in size <10> not available
(Font)              Font shape `OT1/phv/m/sl' tried instead on input line 90.
LaTeX Font Info:    Font shape `OT1/phv/m/it' in size <7> not available
(Font)              Font shape `OT1/phv/m/sl' tried instead on input line 90.
LaTeX Font Info:    Font shape `OT1/phv/m/it' in size <5> not available
(Font)              Font shape `OT1/phv/m/sl' tried instead on input line 90.
LaTeX Font Info:    Font shape `OT1/phv/bx/n' in size <10> not available
(Font)              Font shape `OT1/phv/b/n' tried instead on input line 90.
LaTeX Font Info:    Font shape `OT1/phv/bx/n' in size <7> not available
(Font)              Font shape `OT1/phv/b/n' tried instead on input line 90.
LaTeX Font Info:    Font shape `OT1/phv/bx/n' in size <5> not available
(Font)              Font shape `OT1/phv/b/n' tried instead on input line 90.
LaTeX Font Info:    Font shape `OT1/phv/bx/it' in size <10> not available
(Font)              Font shape `OT1/phv/b/it' tried instead on input line 90.
LaTeX Font Info:    Font shape `OT1/phv/b/it' in size <10> not available
(Font)              Font shape `OT1/phv/b/sl' tried instead on input line 90.
LaTeX Font Info:    Font shape `OT1/phv/bx/it' in size <7> not available
(Font)              Font shape `OT1/phv/b/it' tried instead on input line 90.
LaTeX Font Info:    Font shape `OT1/phv/b/it' in size <7> not available
(Font)              Font shape `OT1/phv/b/sl' tried instead on input line 90.
LaTeX Font Info:    Font shape `OT1/phv/bx/it' in size <5> not available
(Font)              Font shape `OT1/phv/b/it' tried instead on input line 90.
LaTeX Font Info:    Font shape `OT1/phv/b/it' in size <5> not available
(Font)              Font shape `OT1/phv/b/sl' tried instead on input line 90.
LaTeX Font Info:    Font shape `OT1/phv/m/it' in size <14.4> not available
(Font)              Font shape `OT1/phv/m/sl' tried instead on input line 90.
 [4

 <D:/exam/rlarc.pdf>] [5

]
Package CJKpunct Info: punctuation spaces for family 'zhkai' do not exist. Use 
family 'def' instead. on input line 115.
 [6

]

LaTeX Warning: Command \textcircled invalid in math mode on input line 127.

LaTeX Font Info:    Try loading font information for OMS+phv on input line 127.

("D:\Program Files (x86)\CTEX\MiKTeX\tex\latex\psnfss\omsphv.fd"
File: omsphv.fd 
)
LaTeX Font Info:    Font shape `OMS/phv/m/it' in size <10.95> not available
(Font)              Font shape `OMS/cmsy/m/n' tried instead on input line 127.


LaTeX Warning: Command \textcircled invalid in math mode on input line 127.

LaTeX Font Info:    Font shape `OMS/phv/m/n' in size <10.95> not available
(Font)              Font shape `OMS/cmsy/m/n' tried instead on input line 127.

LaTeX Warning: Command \textcircled invalid in math mode on input line 127.


LaTeX Warning: Command \textcircled invalid in math mode on input line 127.

LaTeX Font Info:    Font shape `OT1/phv/bx/n' in size <10.95> not available
(Font)              Font shape `OT1/phv/b/n' tried instead on input line 127.
LaTeX Font Info:    Font shape `OT1/phv/bx/n' in size <8> not available
(Font)              Font shape `OT1/phv/b/n' tried instead on input line 127.
LaTeX Font Info:    Font shape `OT1/phv/bx/n' in size <6> not available
(Font)              Font shape `OT1/phv/b/n' tried instead on input line 127.
LaTeX Font Info:    Font shape `OT1/phv/bx/it' in size <10.95> not available
(Font)              Font shape `OT1/phv/b/it' tried instead on input line 127.
LaTeX Font Info:    Font shape `OT1/phv/b/it' in size <10.95> not available
(Font)              Font shape `OT1/phv/b/sl' tried instead on input line 127.
LaTeX Font Info:    Font shape `OT1/phv/bx/it' in size <8> not available
(Font)              Font shape `OT1/phv/b/it' tried instead on input line 127.
LaTeX Font Info:    Font shape `OT1/phv/b/it' in size <8> not available
(Font)              Font shape `OT1/phv/b/sl' tried instead on input line 127.
LaTeX Font Info:    Font shape `OT1/phv/bx/it' in size <6> not available
(Font)              Font shape `OT1/phv/b/it' tried instead on input line 127.
LaTeX Font Info:    Font shape `OT1/phv/b/it' in size <6> not available
(Font)              Font shape `OT1/phv/b/sl' tried instead on input line 127.

LaTeX Warning: Command \textcircled invalid in math mode on input line 127.


LaTeX Warning: Command \textcircled invalid in math mode on input line 127.


LaTeX Warning: Command \textcircled invalid in math mode on input line 127.


LaTeX Warning: Command \textcircled invalid in math mode on input line 127.

[7

]

LaTeX Warning: Command \textcircled invalid in math mode on input line 137.


LaTeX Warning: Command \textcircled invalid in math mode on input line 137.


LaTeX Warning: Command \textcircled invalid in math mode on input line 137.


LaTeX Warning: Command \textcircled invalid in math mode on input line 137.

[8

]

pdfTeX warning: pdflatex (file D:/exam/markovchain.pdf): PDF inclusion: found P
DF version <1.7>, but at most version <1.5> allowed
<../markovchain.pdf, id=369, 763.54933pt x 384.49043pt>
File: ../markovchain.pdf Graphic file (type pdf)

<use ../markovchain.pdf>
Package pdftex.def Info: ../markovchain.pdf used on input line 144.
(pdftex.def)             Requested size: 305.41432pt x 153.79344pt.
 [9

 <D:/exam/markovchain.pdf>] [10

]

pdfTeX warning: pdflatex (file D:/exam/gpi.pdf): PDF inclusion: found PDF versi
on <1.6>, but at most version <1.5> allowed
<../gpi.pdf, id=466, 158.03241pt x 86.57143pt>
File: ../gpi.pdf Graphic file (type pdf)
 <use ../gpi.pdf>
Package pdftex.def Info: ../gpi.pdf used on input line 181.
(pdftex.def)             Requested size: 110.62192pt x 60.59958pt.


pdfTeX warning: pdflatex (file D:/exam/policyimprove.pdf): PDF inclusion: found
 PDF version <1.6>, but at most version <1.5> allowed
<../policyimprove.pdf, id=468, 331.42561pt x 207.70148pt>
File: ../policyimprove.pdf Graphic file (type pdf)

<use ../policyimprove.pdf>
Package pdftex.def Info: ../policyimprove.pdf used on input line 181.
(pdftex.def)             Requested size: 116.00069pt x 72.6966pt.


pdfTeX warning: pdflatex (file D:/exam/valueimprove.pdf): PDF inclusion: found 
PDF version <1.6>, but at most version <1.5> allowed
<../valueimprove.pdf, id=469, 306.62045pt x 158.68997pt>
File: ../valueimprove.pdf Graphic file (type pdf)

<use ../valueimprove.pdf>
Package pdftex.def Info: ../valueimprove.pdf used on input line 181.
(pdftex.def)             Requested size: 122.646pt x 63.47485pt.

Overfull \vbox (4.01013pt too high) detected at line 181
 []

[11

 <D:/exam/gpi.pdf> <D:/exam/policyimprove.pdf> <D:/exam/valueimprove.pdf>]
[12

]
Overfull \hbox (29.0614pt too wide) in paragraph at lines 229--229
[]  
 []


Overfull \hbox (7.5701pt too wide) detected at line 229
[][][] $[]$[][][][][][][][] $[]$[][][][][][] 
 []

[13

] [14

]
Overfull \hbox (37.98604pt too wide) in paragraph at lines 271--271
[]  
 []


Overfull \hbox (7.518pt too wide) in paragraph at lines 271--271
[] 
 []

[15

]

pdfTeX warning: pdflatex (file D:/exam/drlarc.pdf): PDF inclusion: found PDF ve
rsion <1.7>, but at most version <1.5> allowed
<../drlarc.pdf, id=714, 630.56079pt x 359.52419pt>
File: ../drlarc.pdf Graphic file (type pdf)
 <use ../drlarc.pdf>
Package pdftex.def Info: ../drlarc.pdf used on input line 287.
(pdftex.def)             Requested size: 220.69958pt x 125.83534pt.

Overfull \vbox (0.50443pt too high) detected at line 287
 []

[16

 <D:/exam/drlarc.pdf>] [17

]

pdfTeX warning: pdflatex (file D:/exam/dqnarc.pdf): PDF inclusion: found PDF ve
rsion <1.6>, but at most version <1.5> allowed
<../dqnarc.pdf, id=793, 381.59566pt x 221.89198pt>
File: ../dqnarc.pdf Graphic file (type pdf)
 <use ../dqnarc.pdf>
Package pdftex.def Info: ../dqnarc.pdf used on input line 310.
(pdftex.def)             Requested size: 190.79736pt x 110.94571pt.
LaTeX Font Info:    Try loading font information for OT1+ppl on input line 310.


("D:\Program Files (x86)\CTEX\MiKTeX\tex\latex\psnfss\ot1ppl.fd"
File: ot1ppl.fd 2001/06/04 font definitions for OT1/ppl.
)
Overfull \vbox (14.11008pt too high) detected at line 310
 []

[18

 <D:/exam/dqnarc.pdf>] [19

] [20

] [21

] [22

]

pdfTeX warning: pdflatex (file D:/exam/duelingdqn.pdf): PDF inclusion: found PD
F version <1.7>, but at most version <1.5> allowed
<../duelingdqn.pdf, id=2203, 432.47874pt x 274.59991pt>
File: ../duelingdqn.pdf Graphic file (type pdf)

<use ../duelingdqn.pdf>
Package pdftex.def Info: ../duelingdqn.pdf used on input line 370.
(pdftex.def)             Requested size: 216.23883pt x 137.29962pt.
 [23

 <D:/exam/duelingdqn.pdf>]
Overfull \hbox (75.50412pt too wide) in paragraph at lines 389--389
[] 
 []

[24

] [25

] [26

]
Overfull \hbox (57.38144pt too wide) in paragraph at lines 438--438
[] 
 []

[27

] [28

] [29

] [30

] [31

]

pdfTeX warning: pdflatex (file D:/exam/mr.pdf): PDF inclusion: found PDF versio
n <1.7>, but at most version <1.5> allowed
<../mr.pdf, id=2501, 394.1138pt x 484.24223pt>
File: ../mr.pdf Graphic file (type pdf)
 <use ../mr.pdf>
Package pdftex.def Info: ../mr.pdf used on input line 516.
(pdftex.def)             Requested size: 118.23505pt x 145.27379pt.


pdfTeX warning: pdflatex (file D:/exam/dqnmr.pdf): PDF inclusion: found PDF ver
sion <1.6>, but at most version <1.5> allowed
<../dqnmr.pdf, id=2502, 376.85394pt x 459.89816pt>
File: ../dqnmr.pdf Graphic file (type pdf)
 <use ../dqnmr.pdf>
Package pdftex.def Info: ../dqnmr.pdf used on input line 516.
(pdftex.def)             Requested size: 150.73889pt x 183.956pt.

Overfull \vbox (8.93993pt too high) detected at line 516
 []

[32

 <D:/exam/mr.pdf> <D:/exam/dqnmr.pdf>]

pdfTeX warning: pdflatex (file D:/exam/dqnmillion.pdf): PDF inclusion: found PD
F version <1.6>, but at most version <1.5> allowed
<../dqnmillion.pdf, id=2568, 158.66577pt x 113.66063pt>
File: ../dqnmillion.pdf Graphic file (type pdf)

<use ../dqnmillion.pdf>
Package pdftex.def Info: ../dqnmillion.pdf used on input line 537.
(pdftex.def)             Requested size: 126.93277pt x 90.9286pt.


pdfTeX warning: pdflatex (file D:/exam/alphagomillion.pdf): PDF inclusion: foun
d PDF version <1.6>, but at most version <1.5> allowed
<../alphagomillion.pdf, id=2571, 223.59937pt x 105.996pt>
File: ../alphagomillion.pdf Graphic file (type pdf)

<use ../alphagomillion.pdf>
Package pdftex.def Info: ../alphagomillion.pdf used on input line 537.
(pdftex.def)             Requested size: 178.87973pt x 84.79689pt.

Overfull \hbox (7.73209pt too wide) in paragraph at lines 537--537
 [] 
 []

[33

 <D:/exam/dqnmillion.pdf> <D:/exam/alphagomillion.pdf>]

pdfTeX warning: pdflatex (file D:/exam/tv.pdf): PDF inclusion: found PDF versio
n <1.7>, but at most version <1.5> allowed
<../tv.pdf, id=2996, 735.61923pt x 373.4495pt>
File: ../tv.pdf Graphic file (type pdf)
 <use ../tv.pdf>
Package pdftex.def Info: ../tv.pdf used on input line 544.
(pdftex.def)             Requested size: 294.24248pt x 149.37714pt.
 [34

 <D:/exam/tv.pdf>] [35

]
Overfull \vbox (1.70944pt too high) detected at line 580
 []

[36

] [37

] [38

] <../mab.png, id=3165, 706.64pt x 572.1375pt>
File: ../mab.png Graphic file (type png)
 <use ../mab.png>
Package pdftex.def Info: ../mab.png used on input line 622.
(pdftex.def)             Requested size: 70.66814pt x 57.21709pt.

Overfull \hbox (2.21013pt too wide) in paragraph at lines 622--622
 [] 
 []



pdfTeX warning: pdflatex (file D:/exam/mabalgo.pdf): PDF inclusion: found PDF v
ersion <1.6>, but at most version <1.5> allowed
<../mabalgo.pdf, id=3166, 424.47885pt x 132.53415pt>
File: ../mabalgo.pdf Graphic file (type pdf)
 <use ../mabalgo.pdf>
Package pdftex.def Info: ../mabalgo.pdf used on input line 622.
(pdftex.def)             Requested size: 254.68925pt x 79.52109pt.

[39

 <D:/exam/mab.png (PNG copy)> <D:/exam/mabalgo.pdf>] [40

]
<../betadis.png, id=3411, 361.35pt x 271.0125pt>
File: ../betadis.png Graphic file (type png)
 <use ../betadis.png>
Package pdftex.def Info: ../betadis.png used on input line 658.
(pdftex.def)             Requested size: 108.40584pt x 81.30437pt.
 [41

 <D:/exam/betadis.png>] [42

] [43

] [44

]

pdfTeX warning: pdflatex (file D:/exam/tt.pdf): PDF inclusion: found PDF versio
n <1.7>, but at most version <1.5> allowed
<../tt.pdf, id=3531, 850.20627pt x 420.35364pt>
File: ../tt.pdf Graphic file (type pdf)
 <use ../tt.pdf>
Package pdftex.def Info: ../tt.pdf used on input line 709.
(pdftex.def)             Requested size: 297.57664pt x 147.12596pt.
 [45

 <D:/exam/tt.pdf>] [46

] [47

]

pdfTeX warning: pdflatex (file D:/exam/icm.pdf): PDF inclusion: found PDF versi
on <1.6>, but at most version <1.5> allowed
<../icm.pdf, id=3622, 462.46788pt x 189.95969pt>
File: ../icm.pdf Graphic file (type pdf)
 <use ../icm.pdf>
Package pdftex.def Info: ../icm.pdf used on input line 735.
(pdftex.def)             Requested size: 254.35812pt x 104.47813pt.
 [48

 <D:/exam/icm.pdf>]

pdfTeX warning: pdflatex (file D:/exam/disagree.pdf): PDF inclusion: found PDF 
version <1.6>, but at most version <1.5> allowed
<../disagree.pdf, id=3790, 407.64055pt x 159.7709pt>
File: ../disagree.pdf Graphic file (type pdf)
 <use ../disagree.pdf>
Package pdftex.def Info: ../disagree.pdf used on input line 745.
(pdftex.def)             Requested size: 285.34644pt x 111.83887pt.

[49

 <D:/exam/disagree.pdf>] [50

]

pdfTeX warning: pdflatex (file D:/exam/ec1.pdf): PDF inclusion: found PDF versi
on <1.6>, but at most version <1.5> allowed
<../ec1.pdf, id=3921, 222.14725pt x 122.51973pt>
File: ../ec1.pdf Graphic file (type pdf)
 <use ../ec1.pdf>
Package pdftex.def Info: ../ec1.pdf used on input line 774.
(pdftex.def)             Requested size: 222.14668pt x 122.51941pt.

Overfull \vbox (5.74812pt too high) detected at line 774
 []

[51

 <D:/exam/ec1.pdf>]

pdfTeX warning: pdflatex (file D:/exam/ec2.pdf): PDF inclusion: found PDF versi
on <1.6>, but at most version <1.5> allowed
<../ec2.pdf, id=3994, 321.77414pt x 127.18315pt>
File: ../ec2.pdf Graphic file (type pdf)
 <use ../ec2.pdf>
Package pdftex.def Info: ../ec2.pdf used on input line 800.
(pdftex.def)             Requested size: 167.3235pt x 66.1356pt.


pdfTeX warning: pdflatex (file D:/exam/ec3.pdf): PDF inclusion: found PDF versi
on <1.6>, but at most version <1.5> allowed
<../ec3.pdf, id=3995, 261.57422pt x 123.3679pt>
File: ../ec3.pdf Graphic file (type pdf)
 <use ../ec3.pdf>
Package pdftex.def Info: ../ec3.pdf used on input line 800.
(pdftex.def)             Requested size: 156.94574pt x 74.0213pt.
 [52

 <D:/exam/ec2.pdf> <D:/exam/ec3.pdf>]

pdfTeX warning: pdflatex (file D:/exam/explorationae.pdf): PDF inclusion: found
 PDF version <1.7>, but at most version <1.5> allowed
<../explorationae.pdf, id=4132, 345.58208pt x 107.52873pt>
File: ../explorationae.pdf Graphic file (type pdf)

<use ../explorationae.pdf>
Package pdftex.def Info: ../explorationae.pdf used on input line 818.
(pdftex.def)             Requested size: 241.90579pt x 75.26958pt.

Overfull \vbox (9.2036pt too high) detected at line 818
 []

[53

 <D:/exam/explorationae.pdf>]

pdfTeX warning: pdflatex (file D:/exam/maze.pdf): PDF inclusion: found PDF vers
ion <1.7>, but at most version <1.5> allowed
<../maze.pdf, id=4251, 950.54524pt x 308.73412pt>
File: ../maze.pdf Graphic file (type pdf)
 <use ../maze.pdf>
Package pdftex.def Info: ../maze.pdf used on input line 834.
(pdftex.def)             Requested size: 237.63573pt x 77.18333pt.
 [54

 <D:/exam/maze.pdf>]

pdfTeX warning: pdflatex (file D:/exam/boltzmannq.pdf): PDF inclusion: found PD
F version <1.7>, but at most version <1.5> allowed
<../boltzmannq.pdf, id=4287, 963.6pt x 299.82835pt>
File: ../boltzmannq.pdf Graphic file (type pdf)
 <use ../boltzmannq.pdf>
Package pdftex.def Info: ../boltzmannq.pdf used on input line 855.
(pdftex.def)             Requested size: 192.71658pt x 59.9646pt.

[55

 <D:/exam/boltzmannq.pdf>] [56

]

pdfTeX warning: pdflatex (file D:/exam/linearlayer.pdf): PDF inclusion: found P
DF version <1.6>, but at most version <1.5> allowed
<../linearlayer.pdf, id=4351, 238.83127pt x 184.70607pt>
File: ../linearlayer.pdf Graphic file (type pdf)

<use ../linearlayer.pdf>
Package pdftex.def Info: ../linearlayer.pdf used on input line 890.
(pdftex.def)             Requested size: 95.5308pt x 73.8811pt.
 [57

 <D:/exam/linearlayer.pdf>]
<../p_diag_1.png, id=4398, 603.25375pt x 442.65375pt>
File: ../p_diag_1.png Graphic file (type png)
 <use ../p_diag_1.png>
Package pdftex.def Info: ../p_diag_1.png used on input line 907.
(pdftex.def)             Requested size: 180.97751pt x 132.79713pt.

[58

 <D:/exam/p_diag_1.png>]

pdfTeX warning: pdflatex (file D:/exam/rnd.pdf): PDF inclusion: found PDF versi
on <1.7>, but at most version <1.5> allowed
<../rnd.pdf, id=4429, 563.44034pt x 394.82365pt>
File: ../rnd.pdf Graphic file (type pdf)
 <use ../rnd.pdf>
Package pdftex.def Info: ../rnd.pdf used on input line 918.
(pdftex.def)             Requested size: 140.85974pt x 98.70567pt.

Overfull \vbox (17.28334pt too high) detected at line 918
 []

[59

 <D:/exam/rnd.pdf>]

pdfTeX warning: pdflatex (file D:/exam/rndicm.pdf): PDF inclusion: found PDF ve
rsion <1.7>, but at most version <1.5> allowed
<../rndicm.pdf, id=4476, 888.79802pt x 233.33173pt>
File: ../rndicm.pdf Graphic file (type pdf)
 <use ../rndicm.pdf>
Package pdftex.def Info: ../rndicm.pdf used on input line 928.
(pdftex.def)             Requested size: 311.08397pt x 81.66731pt.

[60

 <D:/exam/rndicm.pdf>] [61

]

pdfTeX warning: pdflatex (file D:/exam/imdisadvantage.pdf): PDF inclusion: foun
d PDF version <1.7>, but at most version <1.5> allowed
<../imdisadvantage.pdf, id=4539, 400.80441pt x 225.10097pt>
File: ../imdisadvantage.pdf Graphic file (type pdf)

<use ../imdisadvantage.pdf>
Package pdftex.def Info: ../imdisadvantage.pdf used on input line 953.
(pdftex.def)             Requested size: 260.51978pt x 146.31389pt.
 [62

 <D:/exam/imdisadvantage.pdf>]

pdfTeX warning: pdflatex (file D:/exam/goexplore.pdf): PDF inclusion: found PDF
 version <1.7>, but at most version <1.5> allowed
<../goexplore.pdf, id=4586, 405.36845pt x 73.58391pt>
File: ../goexplore.pdf Graphic file (type pdf)
 <use ../goexplore.pdf>
Package pdftex.def Info: ../goexplore.pdf used on input line 970.
(pdftex.def)             Requested size: 316.18611pt x 57.3952pt.

[63

 <D:/exam/goexplore.pdf>]

pdfTeX warning: pdflatex (file D:/exam/youtube2.pdf): PDF inclusion: found PDF 
version <1.7>, but at most version <1.5> allowed
<../youtube2.pdf, id=4636, 400.50728pt x 126.93222pt>
File: ../youtube2.pdf Graphic file (type pdf)
 <use ../youtube2.pdf>
Package pdftex.def Info: ../youtube2.pdf used on input line 987.
(pdftex.def)             Requested size: 280.35316pt x 88.85193pt.

Overfull \vbox (12.52608pt too high) detected at line 987
 []

[64

 <D:/exam/youtube2.pdf>]

pdfTeX warning: pdflatex (file D:/exam/youtube3.pdf): PDF inclusion: found PDF 
version <1.7>, but at most version <1.5> allowed
<../youtube3.pdf, id=4677, 404.449pt x 141.6492pt>
File: ../youtube3.pdf Graphic file (type pdf)
 <use ../youtube3.pdf>
Package pdftex.def Info: ../youtube3.pdf used on input line 994.
(pdftex.def)             Requested size: 303.336pt x 106.23662pt.

[65

 <D:/exam/youtube3.pdf>]

pdfTeX warning: pdflatex (file D:/exam/mrsingledem.pdf): PDF inclusion: found P
DF version <1.7>, but at most version <1.5> allowed
<../mrsingledem.pdf, id=4733, 397.81322pt x 278.23952pt>
File: ../mrsingledem.pdf Graphic file (type pdf)

<use ../mrsingledem.pdf>
Package pdftex.def Info: ../mrsingledem.pdf used on input line 1004.
(pdftex.def)             Requested size: 182.99629pt x 127.99173pt.
 [66

 <D:/exam/mrsingledem.pdf>]

pdfTeX warning: pdflatex (file D:/exam/r2d3.pdf): PDF inclusion: found PDF vers
ion <1.7>, but at most version <1.5> allowed
<../r2d3.pdf, id=4772, 305.50539pt x 193.8151pt>
File: ../r2d3.pdf Graphic file (type pdf)
 <use ../r2d3.pdf>
Package pdftex.def Info: ../r2d3.pdf used on input line 1022.
(pdftex.def)             Requested size: 152.75232pt x 96.9073pt.

Overfull \vbox (6.03131pt too high) detected at line 1022
 []

[67

 <D:/exam/r2d3.pdf>]

pdfTeX warning: pdflatex (file D:/exam/bootstrapeddqn.pdf): PDF inclusion: foun
d PDF version <1.7>, but at most version <1.5> allowed
<../bootstrapeddqn.pdf, id=4916, 118.58804pt x 80.81091pt>
File: ../bootstrapeddqn.pdf Graphic file (type pdf)

<use ../bootstrapeddqn.pdf>
Package pdftex.def Info: ../bootstrapeddqn.pdf used on input line 1039.
(pdftex.def)             Requested size: 83.01105pt x 56.56723pt.
 [68

 <D:/exam/bootstrapeddqn.pdf>] [69

] [70

]
[71

] [72

] [73

]
Overfull \hbox (123.1362pt too wide) in paragraph at lines 1145--1145
 [] 
 []

[74

] [75

] (D:\exam\ppt\course.bbl
LaTeX Font Info:    Try loading font information for OT1+pcr on input line 60.

("D:\Program Files (x86)\CTEX\MiKTeX\tex\latex\psnfss\ot1pcr.fd"
File: ot1pcr.fd 2001/06/04 font definitions for OT1/pcr.
) [76

] [77]
[78] [79]) [80]
\tf@nav=\write6
\tf@toc=\write7
\tf@snm=\write8
Package atveryend Info: Empty hook `BeforeClearDocument' on input line 1160.
Package atveryend Info: Empty hook `AfterLastShipout' on input line 1160.
 (D:\exam\ppt\course.aux)
Package atveryend Info: Executing hook `AtVeryEndDocument' on input line 1160.
Package atveryend Info: Executing hook `AtEndAfterFileList' on input line 1160.



Package rerunfilecheck Warning: File `course.out' has changed.
(rerunfilecheck)                Rerun to get outlines right
(rerunfilecheck)                or use package `bookmark'.

Package rerunfilecheck Info: Checksums for `course.out':
(rerunfilecheck)             Before: 8D79E930ABDF12092CAB40A510DE23DE;676
(rerunfilecheck)             After:  A4D0E4D9D9C9B7FF47B2A5D0BC08D0A2;344.
 )
(\end occurred inside a group at level 1)

### simple group (level 1) entered at line 1061 ({)
### bottom level 
Here is how much of TeX's memory you used:
 26673 strings out of 495354
 493010 string characters out of 3182740
 559077 words of memory out of 3000000
 28889 multiletter control sequences out of 15000+200000
 124895 words of font info for 331 fonts, out of 3000000 for 9000
 14 hyphenation exceptions out of 8191
 48i,28n,60p,1058b,4137s stack positions out of 5000i,500n,10000p,200000b,50000s
<C:/WINDOWS/Fonts/simsun.ttc><C:/WINDOWS/Fonts/simsun.ttc><C:/W
INDOWS/Fonts/simsun.ttc><C:/WINDOWS/Fonts/simsun.ttc>{D:/Program Files (x86)/CT
EX/MiKTeX/fonts/enc/dvips/fontname/8r.enc}<C:/WINDOWS/Fonts/simhei.ttf><C:/WIND
OWS/Fonts/simhei.ttf><C:/WINDOWS/Fonts/simkai.ttf><C:/WINDOWS/Fonts/simkai.ttf>
<C:/WINDOWS/Fonts/simkai.ttf><C:/WINDOWS/Fonts/simhei.ttf><C:/WINDOWS/Fonts/sim
hei.ttf><C:/WINDOWS/Fonts/simhei.ttf><C:/WINDOWS/Fonts/simhei.ttf><C:/WINDOWS/F
onts/simhei.ttf><C:/WINDOWS/Fonts/simkai.ttf><C:/WINDOWS/Fonts/simkai.ttf><C:/W
INDOWS/Fonts/simkai.ttf><C:/WINDOWS/Fonts/simkai.ttf><C:/WINDOWS/Fonts/simkai.t
tf><C:/WINDOWS/Fonts/simkai.ttf><C:/WINDOWS/Fonts/simkai.ttf><C:/WINDOWS/Fonts/
simkai.ttf><C:/WINDOWS/Fonts/simkai.ttf><C:/WINDOWS/Fonts/simkai.ttf><C:/WINDOW
S/Fonts/simkai.ttf><C:/WINDOWS/Fonts/simkai.ttf><C:/WINDOWS/Fonts/simkai.ttf><C
:/WINDOWS/Fonts/simkai.ttf><C:/WINDOWS/Fonts/simkai.ttf><C:/WINDOWS/Fonts/simka
i.ttf><C:/WINDOWS/Fonts/simkai.ttf><C:/WINDOWS/Fonts/simkai.ttf><C:/WINDOWS/Fon
ts/simkai.ttf><C:/WINDOWS/Fonts/simkai.ttf><C:/WINDOWS/Fonts/simkai.ttf><C:/WIN
DOWS/Fonts/simhei.ttf><C:/WINDOWS/Fonts/simhei.ttf><C:/WINDOWS/Fonts/simhei.ttf
><C:/WINDOWS/Fonts/simhei.ttf><C:/WINDOWS/Fonts/simhei.ttf><C:/WINDOWS/Fonts/si
mhei.ttf><C:/WINDOWS/Fonts/simhei.ttf><C:/WINDOWS/Fonts/simhei.ttf><C:/WINDOWS/
Fonts/simhei.ttf><C:/WINDOWS/Fonts/simhei.ttf><C:/WINDOWS/Fonts/simhei.ttf><C:/
WINDOWS/Fonts/simhei.ttf><C:/WINDOWS/Fonts/simhei.ttf><C:/WINDOWS/Fonts/simhei.
ttf><C:/WINDOWS/Fonts/simhei.ttf><C:/WINDOWS/Fonts/simhei.ttf><C:/WINDOWS/Fonts
/simhei.ttf><C:/WINDOWS/Fonts/simhei.ttf><C:/WINDOWS/Fonts/simhei.ttf><C:/WINDO
WS/Fonts/simhei.ttf><C:/WINDOWS/Fonts/simhei.ttf><C:/WINDOWS/Fonts/simhei.ttf><
C:/WINDOWS/Fonts/simhei.ttf><C:/WINDOWS/Fonts/simhei.ttf><C:/WINDOWS/Fonts/simh
ei.ttf><C:/WINDOWS/Fonts/simhei.ttf><C:/WINDOWS/Fonts/simhei.ttf><C:/WINDOWS/Fo
nts/simhei.ttf><D:/Program Files (x86)/CTEX/MiKTeX/fonts/type1/public/amsfonts/
cm/cmbx10.pfb><D:/Program Files (x86)/CTEX/MiKTeX/fonts/type1/public/amsfonts/c
m/cmbx12.pfb><D:/Program Files (x86)/CTEX/MiKTeX/fonts/type1/public/amsfonts/cm
/cmbx7.pfb><D:/Program Files (x86)/CTEX/MiKTeX/fonts/type1/public/amsfonts/cm/c
mex10.pfb><D:/Program Files (x86)/CTEX/MiKTeX/fonts/type1/public/amsfonts/cm/cm
mi10.pfb><D:/Program Files (x86)/CTEX/MiKTeX/fonts/type1/public/amsfonts/cm/cmm
i12.pfb><D:/Program Files (x86)/CTEX/MiKTeX/fonts/type1/public/amsfonts/cm/cmmi
5.pfb><D:/Program Files (x86)/CTEX/MiKTeX/fonts/type1/public/amsfonts/cm/cmmi6.
pfb><D:/Program Files (x86)/CTEX/MiKTeX/fonts/type1/public/amsfonts/cm/cmmi7.pf
b><D:/Program Files (x86)/CTEX/MiKTeX/fonts/type1/public/amsfonts/cm/cmmi8.pfb>
<D:/Program Files (x86)/CTEX/MiKTeX/fonts/type1/public/amsfonts/cm/cmmi9.pfb><D
:/Program Files (x86)/CTEX/MiKTeX/fonts/type1/public/amsfonts/cm/cmr10.pfb><D:/
Program Files (x86)/CTEX/MiKTeX/fonts/type1/public/amsfonts/cm/cmr12.pfb><D:/Pr
ogram Files (x86)/CTEX/MiKTeX/fonts/type1/public/amsfonts/cm/cmr6.pfb><D:/Progr
am Files (x86)/CTEX/MiKTeX/fonts/type1/public/amsfonts/cm/cmr7.pfb><D:/Program 
Files (x86)/CTEX/MiKTeX/fonts/type1/public/amsfonts/cm/cmr8.pfb><D:/Program Fil
es (x86)/CTEX/MiKTeX/fonts/type1/public/amsfonts/cm/cmr9.pfb><D:/Program Files 
(x86)/CTEX/MiKTeX/fonts/type1/public/amsfonts/cm/cmss10.pfb><D:/Program Files (
x86)/CTEX/MiKTeX/fonts/type1/public/amsfonts/cm/cmss8.pfb><D:/Program Files (x8
6)/CTEX/MiKTeX/fonts/type1/public/amsfonts/cm/cmsy10.pfb><D:/Program Files (x86
)/CTEX/MiKTeX/fonts/type1/public/amsfonts/cm/cmsy5.pfb><D:/Program Files (x86)/
CTEX/MiKTeX/fonts/type1/public/amsfonts/cm/cmsy6.pfb><D:/Program Files (x86)/CT
EX/MiKTeX/fonts/type1/public/amsfonts/cm/cmsy7.pfb><D:/Program Files (x86)/CTEX
/MiKTeX/fonts/type1/public/amsfonts/cm/cmsy8.pfb><D:/Program Files (x86)/CTEX/M
iKTeX/fonts/type1/public/amsfonts/cm/cmsy9.pfb><D:/Program Files (x86)/CTEX/MiK
TeX/fonts/type1/public/amsfonts/cm/cmti10.pfb><D:/Program Files (x86)/CTEX/MiKT
eX/fonts/type1/public/amsfonts/cm/cmti9.pfb><D:/Program Files (x86)/CTEX/MiKTeX
/fonts/type1/public/lm/lmbx12.pfb><D:/Program Files (x86)/CTEX/MiKTeX/fonts/typ
e1/public/lm/lmex10.pfb><D:/Program Files (x86)/CTEX/MiKTeX/fonts/type1/public/
lm/lmmi10.pfb><D:/Program Files (x86)/CTEX/MiKTeX/fonts/type1/public/lm/lmmi7.p
fb><D:/Program Files (x86)/CTEX/MiKTeX/fonts/type1/public/lm/lmr10.pfb><D:/Prog
ram Files (x86)/CTEX/MiKTeX/fonts/type1/public/lm/lmr7.pfb><D:/Program Files (x
86)/CTEX/MiKTeX/fonts/type1/public/lm/lmr9.pfb><D:/Program Files (x86)/CTEX/MiK
TeX/fonts/type1/public/lm/lmsy10.pfb><D:/Program Files (x86)/CTEX/MiKTeX/fonts/
type1/public/lm/lmsy7.pfb><D:/Program Files (x86)/CTEX/MiKTeX/fonts/type1/publi
c/amsfonts/symbols/msbm10.pfb><D:/Program Files (x86)/CTEX/MiKTeX/fonts/type1/h
oekwater/rsfs/rsfs10.pfb><D:/Program Files (x86)/CTEX/MiKTeX/fonts/type1/urw/co
urier/ucrr8a.pfb><D:/Program Files (x86)/CTEX/MiKTeX/fonts/type1/urw/helvetic/u
hvb8a.pfb><D:/Program Files (x86)/CTEX/MiKTeX/fonts/type1/urw/helvetic/uhvbo8a.
pfb><D:/Program Files (x86)/CTEX/MiKTeX/fonts/type1/urw/helvetic/uhvr8a.pfb><D:
/Program Files (x86)/CTEX/MiKTeX/fonts/type1/urw/helvetic/uhvro8a.pfb><D:/Progr
am Files (x86)/CTEX/MiKTeX/fonts/type1/urw/palatino/uplr8a.pfb><D:/Program File
s (x86)/CTEX/MiKTeX/fonts/type1/urw/times/utmb8a.pfb><D:/Program Files (x86)/CT
EX/MiKTeX/fonts/type1/urw/times/utmr8a.pfb><D:/Program Files (x86)/CTEX/MiKTeX/
fonts/type1/urw/times/utmr8a.pfb><D:/Program Files (x86)/CTEX/MiKTeX/fonts/type
1/urw/times/utmri8a.pfb>
Output written on course.pdf (80 pages, 8101017 bytes).
PDF statistics:
 5696 PDF objects out of 6186 (max. 8388607)
 231 named destinations out of 1000 (max. 500000)
 332 words of extra memory for PDF output out of 10000 (max. 10000000)

